#
# There is insufficient memory for the Java Runtime Environment to continue.
# Native memory allocation (mmap) failed to map 905969664 bytes for G1 virtual space
# Possible reasons:
#   The system is out of physical RAM or swap space
#   The process is running with CompressedOops enabled, and the Java Heap may be blocking the growth of the native heap
# Possible solutions:
#   Reduce memory load on the system
#   Increase physical memory or swap space
#   Check if swap backing store is full
#   Decrease Java heap size (-Xmx/-Xms)
#   Decrease number of Java threads
#   Decrease Java thread stack sizes (-Xss)
#   Set larger code cache with -XX:ReservedCodeCacheSize=
#   JVM is running with Zero Based Compressed Oops mode in which the Java heap is
#     placed in the first 32GB address space. The Java Heap base address is the
#     maximum limit for the native heap growth. Please use -XX:HeapBaseMinAddress
#     to set the Java Heap base and to place the Java Heap above 32GB virtual address.
# This output file may be truncated or incomplete.
#
#  Out of Memory Error (os_windows.cpp:3548), pid=3696, tid=6140
#
# JRE version: Java(TM) SE Runtime Environment (17.0.12+8) (build 17.0.12+8-LTS-286)
# Java VM: Java HotSpot(TM) 64-Bit Server VM (17.0.12+8-LTS-286, mixed mode, sharing, tiered, compressed oops, compressed class ptrs, g1 gc, windows-amd64)
# No core dump will be written. Minidumps are not enabled by default on client versions of Windows
#

---------------  S U M M A R Y ------------

Command Line: --add-opens=java.base/java.util=ALL-UNNAMED --add-opens=java.base/java.lang=ALL-UNNAMED --add-opens=java.base/java.lang.invoke=ALL-UNNAMED --add-opens=java.prefs/java.util.prefs=ALL-UNNAMED --add-opens=java.base/java.nio.charset=ALL-UNNAMED --add-opens=java.base/java.net=ALL-UNNAMED --add-opens=java.base/java.util.concurrent.atomic=ALL-UNNAMED -Xmx3G -Dfile.encoding=windows-1252 -Duser.country=BR -Duser.language=pt -Duser.variant -javaagent:C:\Users\estef\.gradle\wrapper\dists\gradle-8.8-bin\dl7vupf4psengwqhwktix4v1\gradle-8.8\lib\agents\gradle-instrumentation-agent-8.8.jar org.gradle.launcher.daemon.bootstrap.GradleDaemon 8.8

Host: 12th Gen Intel(R) Core(TM) i5-12450H, 12 cores, 7G,  Windows 11 , 64 bit Build 26100 (10.0.26100.6725)
Time: Fri Oct 31 13:30:19 2025 Hora oficial do Brasil elapsed time: 20.431352 seconds (0d 0h 0m 20s)

---------------  T H R E A D  ---------------

Current thread (0x00000245f0fe9110):  VMThread "VM Thread" [stack: 0x000000b934a00000,0x000000b934b00000] [id=6140]

Stack: [0x000000b934a00000,0x000000b934b00000]
Native frames: (J=compiled Java code, j=interpreted, Vv=VM code, C=native code)
V  [jvm.dll+0x67a04a]
V  [jvm.dll+0x7da4ed]
V  [jvm.dll+0x7dbe33]
V  [jvm.dll+0x7dc4a3]
V  [jvm.dll+0x24508f]
V  [jvm.dll+0x677089]
V  [jvm.dll+0x66bd32]
V  [jvm.dll+0x301fa6]
V  [jvm.dll+0x309546]
V  [jvm.dll+0x359d2e]
V  [jvm.dll+0x359f5f]
V  [jvm.dll+0x2d9078]
V  [jvm.dll+0x2d74ad]
V  [jvm.dll+0x2d6afc]
V  [jvm.dll+0x31a65b]
V  [jvm.dll+0x7e0d9b]
V  [jvm.dll+0x7e1ad4]
V  [jvm.dll+0x7e1fed]
V  [jvm.dll+0x7e23c4]
V  [jvm.dll+0x7e2490]
V  [jvm.dll+0x78abea]
V  [jvm.dll+0x678f35]
C  [ucrtbase.dll+0x37b0]
C  [KERNEL32.DLL+0x2e8d7]
C  [ntdll.dll+0x8c53c]

VM_Operation (0x000000b93c7f52f0): G1CollectForAllocation, mode: safepoint, requested by thread 0x00000245faebe820


---------------  P R O C E S S  ---------------

Threads class SMR info:
_java_thread_list=0x00000245f74341e0, length=124, elements={
0x00000245d03bf690, 0x00000245f0fec760, 0x00000245f0ff0250, 0x00000245f1006480,
0x00000245f1008d60, 0x00000245f1009630, 0x00000245f100bf10, 0x00000245f100eb20,
0x00000245f10174f0, 0x00000245f1027e10, 0x00000245f125cbf0, 0x00000245f131b030,
0x00000245f6f79650, 0x00000245f1b67ad0, 0x00000245f73fc400, 0x00000245f6fdd360,
0x00000245f730c980, 0x00000245f730ce90, 0x00000245f730d3a0, 0x00000245f730bf60,
0x00000245f730f710, 0x00000245f730d8b0, 0x00000245f730e2d0, 0x00000245f730e7e0,
0x00000245f730ecf0, 0x00000245f730f200, 0x00000245f730c470, 0x00000245f74a98e0,
0x00000245f74a9df0, 0x00000245f74aa810, 0x00000245f74a8ec0, 0x00000245f74aa300,
0x00000245f74a93d0, 0x00000245f74aad20, 0x00000245f74a7a80, 0x00000245f74a89b0,
0x00000245f74a7570, 0x00000245f74ab230, 0x00000245f74ab740, 0x00000245f74a7f90,
0x00000245f74abc50, 0x00000245f74a84a0, 0x00000245f74ad090, 0x00000245f74ad5a0,
0x00000245f74ae4d0, 0x00000245f74adfc0, 0x00000245f74ac670, 0x00000245f74acb80,
0x00000245f74ac160, 0x00000245f74adab0, 0x00000245f74e8520, 0x00000245f74e61b0,
0x00000245f74e5280, 0x00000245f74e75f0, 0x00000245f74e7b00, 0x00000245f74e8010,
0x00000245f74e8a30, 0x00000245f74e5790, 0x00000245f74e6bd0, 0x00000245f74e8f40,
0x00000245f74e5ca0, 0x00000245f74e9450, 0x00000245f74e70e0, 0x00000245f74e66c0,
0x00000245f74ec1e0, 0x00000245f74ecc00, 0x00000245f74ec6f0, 0x00000245f74e9960,
0x00000245f74e9e70, 0x00000245f74ea380, 0x00000245f74ea890, 0x00000245f74eada0,
0x00000245f74eb2b0, 0x00000245f74eb7c0, 0x00000245f74ebcd0, 0x00000245fa793d80,
0x00000245fa794290, 0x00000245fa7947a0, 0x00000245fa792e50, 0x00000245fa793360,
0x00000245fa795be0, 0x00000245fa794cb0, 0x00000245fa792940, 0x00000245fa797a40,
0x00000245fa797020, 0x00000245fa798970, 0x00000245fa7998a0, 0x00000245fa797530,
0x00000245fa797f50, 0x00000245fa798460, 0x00000245fa798e80, 0x00000245fa799390,
0x00000245fa7960f0, 0x00000245fa799db0, 0x00000245fa796600, 0x00000245fa796b10,
0x00000245faeb9720, 0x00000245faeb87f0, 0x00000245faeb9210, 0x00000245faeb9c30,
0x00000245faeba650, 0x00000245faeb82e0, 0x00000245faeba140, 0x00000245faebab60,
0x00000245faebb070, 0x00000245faebbfa0, 0x00000245faebb580, 0x00000245faebc4b0,
0x00000245faeb8d00, 0x00000245faebed30, 0x00000245faebc9c0, 0x00000245faebe820,
0x00000245faebf240, 0x00000245faebced0, 0x00000245faebd3e0, 0x00000245faebba90,
0x00000245faebfc60, 0x00000245faebd8f0, 0x00000245faebde00, 0x00000245faebf750,
0x00000245faebe310, 0x00000245fb4374b0, 0x00000245f74d4400, 0x00000245fa948350
}

Java Threads: ( => current thread )
  0x00000245d03bf690 JavaThread "main" [_thread_blocked, id=17708, stack(0x000000b934400000,0x000000b934500000)]
  0x00000245f0fec760 JavaThread "Reference Handler" daemon [_thread_blocked, id=5412, stack(0x000000b934b00000,0x000000b934c00000)]
  0x00000245f0ff0250 JavaThread "Finalizer" daemon [_thread_blocked, id=2608, stack(0x000000b934c00000,0x000000b934d00000)]
  0x00000245f1006480 JavaThread "Signal Dispatcher" daemon [_thread_blocked, id=10900, stack(0x000000b934d00000,0x000000b934e00000)]
  0x00000245f1008d60 JavaThread "Attach Listener" daemon [_thread_blocked, id=5092, stack(0x000000b934e00000,0x000000b934f00000)]
  0x00000245f1009630 JavaThread "Service Thread" daemon [_thread_blocked, id=18424, stack(0x000000b934f00000,0x000000b935000000)]
  0x00000245f100bf10 JavaThread "Monitor Deflation Thread" daemon [_thread_blocked, id=744, stack(0x000000b935000000,0x000000b935100000)]
  0x00000245f100eb20 JavaThread "C2 CompilerThread0" daemon [_thread_blocked, id=7156, stack(0x000000b935100000,0x000000b935200000)]
  0x00000245f10174f0 JavaThread "C1 CompilerThread0" daemon [_thread_blocked, id=3020, stack(0x000000b935200000,0x000000b935300000)]
  0x00000245f1027e10 JavaThread "Sweeper thread" daemon [_thread_blocked, id=1916, stack(0x000000b935300000,0x000000b935400000)]
  0x00000245f125cbf0 JavaThread "Common-Cleaner" daemon [_thread_blocked, id=13672, stack(0x000000b935400000,0x000000b935500000)]
  0x00000245f131b030 JavaThread "Notification Thread" daemon [_thread_blocked, id=17000, stack(0x000000b935500000,0x000000b935600000)]
  0x00000245f6f79650 JavaThread "Daemon health stats" [_thread_blocked, id=15556, stack(0x000000b935800000,0x000000b935900000)]
  0x00000245f1b67ad0 JavaThread "Incoming local TCP Connector on port 58960" [_thread_in_native, id=9240, stack(0x000000b935d00000,0x000000b935e00000)]
  0x00000245f73fc400 JavaThread "Daemon periodic checks" [_thread_blocked, id=2424, stack(0x000000b935e00000,0x000000b935f00000)]
  0x00000245f6fdd360 JavaThread "Daemon" [_thread_blocked, id=8968, stack(0x000000b935700000,0x000000b935800000)]
  0x00000245f730c980 JavaThread "Handler for socket connection from /127.0.0.1:58960 to /127.0.0.1:58961" [_thread_in_native, id=8336, stack(0x000000b935f00000,0x000000b936000000)]
  0x00000245f730ce90 JavaThread "Cancel handler" [_thread_blocked, id=14448, stack(0x000000b936000000,0x000000b936100000)]
  0x00000245f730d3a0 JavaThread "Daemon worker" [_thread_blocked, id=17956, stack(0x000000b936100000,0x000000b936200000)]
  0x00000245f730bf60 JavaThread "Asynchronous log dispatcher for DefaultDaemonConnection: socket connection from /127.0.0.1:58960 to /127.0.0.1:58961" [_thread_blocked, id=1836, stack(0x000000b936200000,0x000000b936300000)]
  0x00000245f730f710 JavaThread "Stdin handler" [_thread_blocked, id=1108, stack(0x000000b936300000,0x000000b936400000)]
  0x00000245f730d8b0 JavaThread "Daemon client event forwarder" [_thread_blocked, id=17308, stack(0x000000b936400000,0x000000b936500000)]
  0x00000245f730e2d0 JavaThread "Cache worker for journal cache (C:\Users\estef\.gradle\caches\journal-1)" [_thread_blocked, id=15652, stack(0x000000b936b00000,0x000000b936c00000)]
  0x00000245f730e7e0 JavaThread "File lock request listener" [_thread_in_native, id=8704, stack(0x000000b936c00000,0x000000b936d00000)]
  0x00000245f730ecf0 JavaThread "Cache worker for file hash cache (C:\Users\estef\.gradle\caches\8.8\fileHashes)" [_thread_blocked, id=4048, stack(0x000000b936d00000,0x000000b936e00000)]
  0x00000245f730f200 JavaThread "Cache worker for file hash cache (C:\meu mod\MilagresDS_Mod\.gradle\8.8\fileHashes)" [_thread_blocked, id=11764, stack(0x000000b936f00000,0x000000b937000000)]
  0x00000245f730c470 JavaThread "File watcher server" daemon [_thread_blocked, id=17648, stack(0x000000b937000000,0x000000b937100000)]
  0x00000245f74a98e0 JavaThread "File watcher consumer" daemon [_thread_blocked, id=13880, stack(0x000000b937100000,0x000000b937200000)]
  0x00000245f74a9df0 JavaThread "Cache worker for checksums cache (C:\meu mod\MilagresDS_Mod\.gradle\8.8\checksums)" [_thread_blocked, id=1944, stack(0x000000b936e00000,0x000000b936f00000)]
  0x00000245f74aa810 JavaThread "Cache worker for file content cache (C:\Users\estef\.gradle\caches\8.8\fileContent)" [_thread_blocked, id=8248, stack(0x000000b937400000,0x000000b937500000)]
  0x00000245f74a8ec0 JavaThread "Cache worker for cache directory md-rule (C:\Users\estef\.gradle\caches\8.8\md-rule)" [_thread_blocked, id=1728, stack(0x000000b937500000,0x000000b937600000)]
  0x00000245f74aa300 JavaThread "Cache worker for cache directory md-supplier (C:\Users\estef\.gradle\caches\8.8\md-supplier)" [_thread_blocked, id=12492, stack(0x000000b937600000,0x000000b937700000)]
  0x00000245f74a93d0 JavaThread "jar transforms" [_thread_blocked, id=6828, stack(0x000000b937900000,0x000000b937a00000)]
  0x00000245f74aad20 JavaThread "Unconstrained build operations" [_thread_blocked, id=2928, stack(0x000000b937a00000,0x000000b937b00000)]
  0x00000245f74a7a80 JavaThread "Unconstrained build operations Thread 2" [_thread_blocked, id=11060, stack(0x000000b937b00000,0x000000b937c00000)]
  0x00000245f74a89b0 JavaThread "Unconstrained build operations Thread 3" [_thread_blocked, id=2720, stack(0x000000b937c00000,0x000000b937d00000)]
  0x00000245f74a7570 JavaThread "Unconstrained build operations Thread 4" [_thread_blocked, id=17844, stack(0x000000b937d00000,0x000000b937e00000)]
  0x00000245f74ab230 JavaThread "Unconstrained build operations Thread 5" [_thread_blocked, id=12824, stack(0x000000b937e00000,0x000000b937f00000)]
  0x00000245f74ab740 JavaThread "Unconstrained build operations Thread 6" [_thread_blocked, id=2192, stack(0x000000b937f00000,0x000000b938000000)]
  0x00000245f74a7f90 JavaThread "jar transforms Thread 2" [_thread_blocked, id=18420, stack(0x000000b938000000,0x000000b938100000)]
  0x00000245f74abc50 JavaThread "Cache worker for Build Output Cleanup Cache (C:\meu mod\MilagresDS_Mod\.gradle\buildOutputCleanup)" [_thread_blocked, id=3612, stack(0x000000b938100000,0x000000b938200000)]
  0x00000245f74a84a0 JavaThread "jar transforms Thread 3" [_thread_blocked, id=13252, stack(0x000000b938200000,0x000000b938300000)]
  0x00000245f74ad090 JavaThread "Unconstrained build operations Thread 7" [_thread_blocked, id=16412, stack(0x000000b938300000,0x000000b938400000)]
  0x00000245f74ad5a0 JavaThread "Unconstrained build operations Thread 8" [_thread_blocked, id=1776, stack(0x000000b938400000,0x000000b938500000)]
  0x00000245f74ae4d0 JavaThread "Unconstrained build operations Thread 9" [_thread_blocked, id=9332, stack(0x000000b938500000,0x000000b938600000)]
  0x00000245f74adfc0 JavaThread "Unconstrained build operations Thread 10" [_thread_blocked, id=13104, stack(0x000000b938600000,0x000000b938700000)]
  0x00000245f74ac670 JavaThread "Unconstrained build operations Thread 11" [_thread_blocked, id=6996, stack(0x000000b938700000,0x000000b938800000)]
  0x00000245f74acb80 JavaThread "Unconstrained build operations Thread 12" [_thread_blocked, id=16172, stack(0x000000b938800000,0x000000b938900000)]
  0x00000245f74ac160 JavaThread "Unconstrained build operations Thread 13" [_thread_blocked, id=10876, stack(0x000000b938900000,0x000000b938a00000)]
  0x00000245f74adab0 JavaThread "Unconstrained build operations Thread 14" [_thread_blocked, id=10928, stack(0x000000b938a00000,0x000000b938b00000)]
  0x00000245f74e8520 JavaThread "Unconstrained build operations Thread 15" [_thread_blocked, id=8816, stack(0x000000b938b00000,0x000000b938c00000)]
  0x00000245f74e61b0 JavaThread "Unconstrained build operations Thread 16" [_thread_blocked, id=10416, stack(0x000000b938c00000,0x000000b938d00000)]
  0x00000245f74e5280 JavaThread "Unconstrained build operations Thread 17" [_thread_blocked, id=8080, stack(0x000000b938d00000,0x000000b938e00000)]
  0x00000245f74e75f0 JavaThread "Unconstrained build operations Thread 18" [_thread_blocked, id=10556, stack(0x000000b938e00000,0x000000b938f00000)]
  0x00000245f74e7b00 JavaThread "Unconstrained build operations Thread 19" [_thread_blocked, id=17492, stack(0x000000b938f00000,0x000000b939000000)]
  0x00000245f74e8010 JavaThread "Unconstrained build operations Thread 20" [_thread_blocked, id=14312, stack(0x000000b939000000,0x000000b939100000)]
  0x00000245f74e8a30 JavaThread "Unconstrained build operations Thread 21" [_thread_blocked, id=4964, stack(0x000000b939100000,0x000000b939200000)]
  0x00000245f74e5790 JavaThread "Unconstrained build operations Thread 22" [_thread_blocked, id=13944, stack(0x000000b939200000,0x000000b939300000)]
  0x00000245f74e6bd0 JavaThread "Unconstrained build operations Thread 23" [_thread_blocked, id=5396, stack(0x000000b939300000,0x000000b939400000)]
  0x00000245f74e8f40 JavaThread "Unconstrained build operations Thread 24" [_thread_blocked, id=1064, stack(0x000000b939400000,0x000000b939500000)]
  0x00000245f74e5ca0 JavaThread "Unconstrained build operations Thread 25" [_thread_blocked, id=16288, stack(0x000000b939500000,0x000000b939600000)]
  0x00000245f74e9450 JavaThread "Unconstrained build operations Thread 26" [_thread_blocked, id=8452, stack(0x000000b939600000,0x000000b939700000)]
  0x00000245f74e70e0 JavaThread "Unconstrained build operations Thread 27" [_thread_blocked, id=12628, stack(0x000000b939700000,0x000000b939800000)]
  0x00000245f74e66c0 JavaThread "Unconstrained build operations Thread 28" [_thread_blocked, id=17012, stack(0x000000b939800000,0x000000b939900000)]
  0x00000245f74ec1e0 JavaThread "Unconstrained build operations Thread 29" [_thread_blocked, id=16256, stack(0x000000b939900000,0x000000b939a00000)]
  0x00000245f74ecc00 JavaThread "Unconstrained build operations Thread 30" [_thread_blocked, id=16740, stack(0x000000b939a00000,0x000000b939b00000)]
  0x00000245f74ec6f0 JavaThread "Unconstrained build operations Thread 31" [_thread_blocked, id=17452, stack(0x000000b939b00000,0x000000b939c00000)]
  0x00000245f74e9960 JavaThread "Unconstrained build operations Thread 32" [_thread_blocked, id=14356, stack(0x000000b939c00000,0x000000b939d00000)]
  0x00000245f74e9e70 JavaThread "Unconstrained build operations Thread 33" [_thread_blocked, id=6792, stack(0x000000b939d00000,0x000000b939e00000)]
  0x00000245f74ea380 JavaThread "Unconstrained build operations Thread 34" [_thread_blocked, id=15476, stack(0x000000b939e00000,0x000000b939f00000)]
  0x00000245f74ea890 JavaThread "Unconstrained build operations Thread 35" [_thread_blocked, id=16632, stack(0x000000b939f00000,0x000000b93a000000)]
  0x00000245f74eada0 JavaThread "Unconstrained build operations Thread 36" [_thread_blocked, id=17096, stack(0x000000b93a000000,0x000000b93a100000)]
  0x00000245f74eb2b0 JavaThread "Unconstrained build operations Thread 37" [_thread_blocked, id=9000, stack(0x000000b93a100000,0x000000b93a200000)]
  0x00000245f74eb7c0 JavaThread "Unconstrained build operations Thread 38" [_thread_blocked, id=16452, stack(0x000000b93a200000,0x000000b93a300000)]
  0x00000245f74ebcd0 JavaThread "Unconstrained build operations Thread 39" [_thread_blocked, id=16252, stack(0x000000b93a300000,0x000000b93a400000)]
  0x00000245fa793d80 JavaThread "Memory manager" [_thread_blocked, id=1788, stack(0x000000b93a400000,0x000000b93a500000)]
  0x00000245fa794290 JavaThread "jar transforms Thread 4" [_thread_blocked, id=12328, stack(0x000000b93a500000,0x000000b93a600000)]
  0x00000245fa7947a0 JavaThread "Keep-Alive-Timer" daemon [_thread_blocked, id=17692, stack(0x000000b93a600000,0x000000b93a700000)]
  0x00000245fa792e50 JavaThread "Unconstrained build operations Thread 40" [_thread_blocked, id=14520, stack(0x000000b93a700000,0x000000b93a800000)]
  0x00000245fa793360 JavaThread "Unconstrained build operations Thread 41" [_thread_blocked, id=5124, stack(0x000000b93a800000,0x000000b93a900000)]
  0x00000245fa795be0 JavaThread "Unconstrained build operations Thread 42" [_thread_blocked, id=13972, stack(0x000000b93a900000,0x000000b93aa00000)]
  0x00000245fa794cb0 JavaThread "Unconstrained build operations Thread 43" [_thread_blocked, id=5032, stack(0x000000b93aa00000,0x000000b93ab00000)]
  0x00000245fa792940 JavaThread "Unconstrained build operations Thread 44" [_thread_blocked, id=18044, stack(0x000000b93ab00000,0x000000b93ac00000)]
  0x00000245fa797a40 JavaThread "Unconstrained build operations Thread 45" [_thread_blocked, id=6076, stack(0x000000b93ac00000,0x000000b93ad00000)]
  0x00000245fa797020 JavaThread "Unconstrained build operations Thread 46" [_thread_blocked, id=16852, stack(0x000000b93ad00000,0x000000b93ae00000)]
  0x00000245fa798970 JavaThread "Unconstrained build operations Thread 47" [_thread_blocked, id=14684, stack(0x000000b93ae00000,0x000000b93af00000)]
  0x00000245fa7998a0 JavaThread "Unconstrained build operations Thread 48" [_thread_blocked, id=17128, stack(0x000000b93af00000,0x000000b93b000000)]
  0x00000245fa797530 JavaThread "Unconstrained build operations Thread 49" [_thread_blocked, id=16788, stack(0x000000b93b000000,0x000000b93b100000)]
  0x00000245fa797f50 JavaThread "Unconstrained build operations Thread 50" [_thread_blocked, id=16784, stack(0x000000b93b100000,0x000000b93b200000)]
  0x00000245fa798460 JavaThread "Unconstrained build operations Thread 51" [_thread_blocked, id=15500, stack(0x000000b93b200000,0x000000b93b300000)]
  0x00000245fa798e80 JavaThread "Unconstrained build operations Thread 52" [_thread_blocked, id=15728, stack(0x000000b93b300000,0x000000b93b400000)]
  0x00000245fa799390 JavaThread "Unconstrained build operations Thread 53" [_thread_blocked, id=8784, stack(0x000000b93b400000,0x000000b93b500000)]
  0x00000245fa7960f0 JavaThread "Unconstrained build operations Thread 54" [_thread_blocked, id=10548, stack(0x000000b93b500000,0x000000b93b600000)]
  0x00000245fa799db0 JavaThread "Unconstrained build operations Thread 55" [_thread_blocked, id=16480, stack(0x000000b93b600000,0x000000b93b700000)]
  0x00000245fa796600 JavaThread "Unconstrained build operations Thread 56" [_thread_blocked, id=12888, stack(0x000000b93b700000,0x000000b93b800000)]
  0x00000245fa796b10 JavaThread "Unconstrained build operations Thread 57" [_thread_blocked, id=11096, stack(0x000000b93b800000,0x000000b93b900000)]
  0x00000245faeb9720 JavaThread "Unconstrained build operations Thread 58" [_thread_blocked, id=13836, stack(0x000000b93b900000,0x000000b93ba00000)]
  0x00000245faeb87f0 JavaThread "ForkJoinPool.commonPool-worker-1" daemon [_thread_blocked, id=4440, stack(0x000000b93ba00000,0x000000b93bb00000)]
  0x00000245faeb9210 JavaThread "ForkJoinPool.commonPool-worker-2" daemon [_thread_blocked, id=5136, stack(0x000000b93bb00000,0x000000b93bc00000)]
  0x00000245faeb9c30 JavaThread "ForkJoinPool.commonPool-worker-3" daemon [_thread_blocked, id=15744, stack(0x000000b93bc00000,0x000000b93bd00000)]
  0x00000245faeba650 JavaThread "ForkJoinPool.commonPool-worker-4" daemon [_thread_blocked, id=9148, stack(0x000000b93bd00000,0x000000b93be00000)]
  0x00000245faeb82e0 JavaThread "ForkJoinPool.commonPool-worker-5" daemon [_thread_blocked, id=16956, stack(0x000000b93be00000,0x000000b93bf00000)]
  0x00000245faeba140 JavaThread "ForkJoinPool.commonPool-worker-6" daemon [_thread_blocked, id=17028, stack(0x000000b93bf00000,0x000000b93c000000)]
  0x00000245faebab60 JavaThread "ForkJoinPool.commonPool-worker-7" daemon [_thread_blocked, id=3572, stack(0x000000b93c000000,0x000000b93c100000)]
  0x00000245faebb070 JavaThread "ForkJoinPool.commonPool-worker-8" daemon [_thread_blocked, id=7324, stack(0x000000b93c100000,0x000000b93c200000)]
  0x00000245faebbfa0 JavaThread "ForkJoinPool.commonPool-worker-9" daemon [_thread_blocked, id=12476, stack(0x000000b93c200000,0x000000b93c300000)]
  0x00000245faebb580 JavaThread "Exec process" [_thread_blocked, id=14696, stack(0x000000b93c300000,0x000000b93c400000)]
  0x00000245faebc4b0 JavaThread "Exec process Thread 2" [_thread_blocked, id=13756, stack(0x000000b93c400000,0x000000b93c500000)]
  0x00000245faeb8d00 JavaThread "Exec process Thread 3" [_thread_blocked, id=14512, stack(0x000000b93c500000,0x000000b93c600000)]
  0x00000245faebed30 JavaThread "included builds" [_thread_blocked, id=14104, stack(0x000000b937700000,0x000000b937800000)]
  0x00000245faebc9c0 JavaThread "Execution worker" [_thread_blocked, id=16260, stack(0x000000b93c600000,0x000000b93c700000)]
  0x00000245faebe820 JavaThread "Execution worker Thread 2" [_thread_blocked, id=12436, stack(0x000000b93c700000,0x000000b93c800000)]
  0x00000245faebf240 JavaThread "Execution worker Thread 3" [_thread_blocked, id=16572, stack(0x000000b93c800000,0x000000b93c900000)]
  0x00000245faebced0 JavaThread "Execution worker Thread 4" [_thread_blocked, id=17348, stack(0x000000b93c900000,0x000000b93ca00000)]
  0x00000245faebd3e0 JavaThread "Execution worker Thread 5" [_thread_blocked, id=16180, stack(0x000000b93ca00000,0x000000b93cb00000)]
  0x00000245faebba90 JavaThread "Execution worker Thread 6" [_thread_blocked, id=8308, stack(0x000000b93cb00000,0x000000b93cc00000)]
  0x00000245faebfc60 JavaThread "Execution worker Thread 7" [_thread_blocked, id=11240, stack(0x000000b93cc00000,0x000000b93cd00000)]
  0x00000245faebd8f0 JavaThread "Execution worker Thread 8" [_thread_blocked, id=12920, stack(0x000000b93cd00000,0x000000b93ce00000)]
  0x00000245faebde00 JavaThread "Execution worker Thread 9" [_thread_blocked, id=17540, stack(0x000000b93ce00000,0x000000b93cf00000)]
  0x00000245faebf750 JavaThread "Execution worker Thread 10" [_thread_blocked, id=10408, stack(0x000000b93cf00000,0x000000b93d000000)]
  0x00000245faebe310 JavaThread "Execution worker Thread 11" [_thread_blocked, id=17160, stack(0x000000b93d000000,0x000000b93d100000)]
  0x00000245fb4374b0 JavaThread "Cache worker for execution history cache (C:\meu mod\MilagresDS_Mod\.gradle\8.8\executionHistory)" [_thread_blocked, id=17276, stack(0x000000b93d100000,0x000000b93d200000)]
  0x00000245f74d4400 JavaThread "C2 CompilerThread1" daemon [_thread_blocked, id=4164, stack(0x000000b936a00000,0x000000b936b00000)]
  0x00000245fa948350 JavaThread "C2 CompilerThread2" daemon [_thread_blocked, id=6596, stack(0x000000b93d200000,0x000000b93d300000)]

Other Threads:
=>0x00000245f0fe9110 VMThread "VM Thread" [stack: 0x000000b934a00000,0x000000b934b00000] [id=6140]
  0x00000245f1396bb0 WatcherThread [stack: 0x000000b935600000,0x000000b935700000] [id=16704]
  0x00000245d0417ce0 GCTaskThread "GC Thread#0" [stack: 0x000000b934500000,0x000000b934600000] [id=10084]
  0x00000245f64141e0 GCTaskThread "GC Thread#1" [stack: 0x000000b935900000,0x000000b935a00000] [id=2240]
  0x00000245f13f95e0 GCTaskThread "GC Thread#2" [stack: 0x000000b935a00000,0x000000b935b00000] [id=11352]
  0x00000245f165de90 GCTaskThread "GC Thread#3" [stack: 0x000000b935b00000,0x000000b935c00000] [id=1548]
  0x00000245f1aa3a60 GCTaskThread "GC Thread#4" [stack: 0x000000b935c00000,0x000000b935d00000] [id=4488]
  0x00000245f1b83ea0 GCTaskThread "GC Thread#5" [stack: 0x000000b936500000,0x000000b936600000] [id=17460]
  0x00000245f7327120 GCTaskThread "GC Thread#6" [stack: 0x000000b936600000,0x000000b936700000] [id=3292]
  0x00000245f719b080 GCTaskThread "GC Thread#7" [stack: 0x000000b936700000,0x000000b936800000] [id=16160]
  0x00000245f719b340 GCTaskThread "GC Thread#8" [stack: 0x000000b936800000,0x000000b936900000] [id=3276]
  0x00000245f719b600 GCTaskThread "GC Thread#9" [stack: 0x000000b936900000,0x000000b936a00000] [id=10712]
  0x00000245d0423810 ConcurrentGCThread "G1 Main Marker" [stack: 0x000000b934600000,0x000000b934700000] [id=11928]
  0x00000245ce08dff0 ConcurrentGCThread "G1 Conc#0" [stack: 0x000000b934700000,0x000000b934800000] [id=8708]
  0x00000245f97fe3b0 ConcurrentGCThread "G1 Conc#1" [stack: 0x000000b937200000,0x000000b937300000] [id=7044]
  0x00000245f97fe670 ConcurrentGCThread "G1 Conc#2" [stack: 0x000000b937300000,0x000000b937400000] [id=12668]
  0x00000245f0eb30d0 ConcurrentGCThread "G1 Refine#0" [stack: 0x000000b934800000,0x000000b934900000] [id=8576]
  0x00000245f9022ce0 ConcurrentGCThread "G1 Refine#1" [stack: 0x000000b937800000,0x000000b937900000] [id=16964]
  0x00000245f1436290 ConcurrentGCThread "G1 Refine#2" [stack: 0x000000b93d300000,0x000000b93d400000] [id=3980]
  0x00000245f1435fa0 ConcurrentGCThread "G1 Refine#3" [stack: 0x000000b93d400000,0x000000b93d500000] [id=8788]
  0x00000245f1436580 ConcurrentGCThread "G1 Refine#4" [stack: 0x000000b93d500000,0x000000b93d600000] [id=16400]
  0x00000245f1436870 ConcurrentGCThread "G1 Refine#5" [stack: 0x000000b93d600000,0x000000b93d700000] [id=9572]
  0x00000245f1436b60 ConcurrentGCThread "G1 Refine#6" [stack: 0x000000b93d700000,0x000000b93d800000] [id=12216]
  0x00000245f1438ea0 ConcurrentGCThread "G1 Refine#7" [stack: 0x000000b93d800000,0x000000b93d900000] [id=6900]
  0x00000245f0eb38b0 ConcurrentGCThread "G1 Service" [stack: 0x000000b934900000,0x000000b934a00000] [id=9744]

Threads with active compile tasks:
C2 CompilerThread1    20455 10300       4       com.sun.tools.javac.parser.JavacParser::term3 (2724 bytes)

VM state: at safepoint (normal execution)

VM Mutex/Monitor currently owned by a thread:  ([mutex/lock_event])
[0x00000245d03b8f00] Threads_lock - owner thread: 0x00000245f0fe9110
[0x00000245d03b8960] Heap_lock - owner thread: 0x00000245faebe820

Heap address: 0x0000000740000000, size: 3072 MB, Compressed Oops mode: Zero based, Oop shift amount: 3

CDS archive(s) mapped at: [0x0000024580000000-0x0000024580bd0000-0x0000024580bd0000), size 12386304, SharedBaseAddress: 0x0000024580000000, ArchiveRelocationMode: 1.
Compressed class space mapped at: 0x0000024581000000-0x00000245c1000000, reserved size: 1073741824
Narrow klass base: 0x0000024580000000, Narrow klass shift: 0, Narrow klass range: 0x100000000

GC Precious Log:
 CPUs: 12 total, 12 available
 Memory: 7896M
 Large Page Support: Disabled
 NUMA Support: Disabled
 Compressed Oops: Enabled (Zero based)
 Heap Region Size: 2M
 Heap Min Capacity: 8M
 Heap Initial Capacity: 124M
 Heap Max Capacity: 3G
 Pre-touch: Disabled
 Parallel Workers: 10
 Concurrent Workers: 3
 Concurrent Refinement Workers: 10
 Periodic GC: Disabled

Heap:
 garbage-first heap   total 481280K, used 293021K [0x0000000740000000, 0x0000000800000000)
  region size 2048K, 7 young (14336K), 7 survivors (14336K)
 Metaspace       used 74222K, committed 74816K, reserved 1114112K
  class space    used 10205K, committed 10496K, reserved 1048576K

Heap Regions: E=young(eden), S=young(survivor), O=old, HS=humongous(starts), HC=humongous(continues), CS=collection set, F=free, OA=open archive, CA=closed archive, TAMS=top-at-mark-start (previous, next)
|   0|0x0000000740000000, 0x0000000740200000, 0x0000000740200000|100%|HS|  |TAMS 0x0000000740200000, 0x0000000740200000| Complete 
|   1|0x0000000740200000, 0x0000000740400000, 0x0000000740400000|100%|HC|  |TAMS 0x0000000740400000, 0x0000000740400000| Complete 
|   2|0x0000000740400000, 0x0000000740600000, 0x0000000740600000|100%| O|  |TAMS 0x0000000740600000, 0x0000000740600000| Untracked 
|   3|0x0000000740600000, 0x0000000740800000, 0x0000000740800000|100%| O|  |TAMS 0x0000000740800000, 0x0000000740800000| Untracked 
|   4|0x0000000740800000, 0x0000000740a00000, 0x0000000740a00000|100%| O|  |TAMS 0x0000000740a00000, 0x0000000740a00000| Untracked 
|   5|0x0000000740a00000, 0x0000000740c00000, 0x0000000740c00000|100%| O|  |TAMS 0x0000000740c00000, 0x0000000740c00000| Untracked 
|   6|0x0000000740c00000, 0x0000000740e00000, 0x0000000740e00000|100%| O|  |TAMS 0x0000000740e00000, 0x0000000740e00000| Untracked 
|   7|0x0000000740e00000, 0x0000000741000000, 0x0000000741000000|100%| O|  |TAMS 0x0000000741000000, 0x0000000741000000| Untracked 
|   8|0x0000000741000000, 0x0000000741200000, 0x0000000741200000|100%| O|  |TAMS 0x0000000741200000, 0x0000000741200000| Untracked 
|   9|0x0000000741200000, 0x000000074132b200, 0x0000000741400000| 58%| O|  |TAMS 0x000000074132b200, 0x000000074132b200| Untracked 
|  10|0x0000000741400000, 0x0000000741600000, 0x0000000741600000|100%| O|  |TAMS 0x0000000741600000, 0x0000000741600000| Untracked 
|  11|0x0000000741600000, 0x0000000741800000, 0x0000000741800000|100%| O|  |TAMS 0x0000000741800000, 0x0000000741800000| Untracked 
|  12|0x0000000741800000, 0x0000000741a00000, 0x0000000741a00000|100%| O|  |TAMS 0x0000000741a00000, 0x0000000741a00000| Untracked 
|  13|0x0000000741a00000, 0x0000000741c00000, 0x0000000741c00000|100%| O|  |TAMS 0x0000000741c00000, 0x0000000741c00000| Untracked 
|  14|0x0000000741c00000, 0x0000000741e00000, 0x0000000741e00000|100%| O|  |TAMS 0x0000000741e00000, 0x0000000741e00000| Untracked 
|  15|0x0000000741e00000, 0x0000000742000000, 0x0000000742000000|100%| O|  |TAMS 0x0000000742000000, 0x0000000742000000| Untracked 
|  16|0x0000000742000000, 0x0000000742200000, 0x0000000742200000|100%| O|  |TAMS 0x0000000742200000, 0x0000000742200000| Untracked 
|  17|0x0000000742200000, 0x0000000742400000, 0x0000000742400000|100%| O|  |TAMS 0x0000000742400000, 0x0000000742400000| Untracked 
|  18|0x0000000742400000, 0x0000000742600000, 0x0000000742600000|100%| O|  |TAMS 0x0000000742600000, 0x0000000742600000| Untracked 
|  19|0x0000000742600000, 0x0000000742800000, 0x0000000742800000|100%| O|  |TAMS 0x0000000742800000, 0x0000000742800000| Untracked 
|  20|0x0000000742800000, 0x0000000742a00000, 0x0000000742a00000|100%|HS|  |TAMS 0x0000000742a00000, 0x0000000742a00000| Complete 
|  21|0x0000000742a00000, 0x0000000742c00000, 0x0000000742c00000|100%| O|  |TAMS 0x0000000742c00000, 0x0000000742c00000| Untracked 
|  22|0x0000000742c00000, 0x0000000742e00000, 0x0000000742e00000|100%| O|  |TAMS 0x0000000742e00000, 0x0000000742e00000| Untracked 
|  23|0x0000000742e00000, 0x0000000743000000, 0x0000000743000000|100%| O|  |TAMS 0x0000000743000000, 0x0000000743000000| Untracked 
|  24|0x0000000743000000, 0x0000000743200000, 0x0000000743200000|100%| O|  |TAMS 0x0000000743200000, 0x0000000743200000| Untracked 
|  25|0x0000000743200000, 0x0000000743400000, 0x0000000743400000|100%| O|  |TAMS 0x0000000743400000, 0x0000000743400000| Untracked 
|  26|0x0000000743400000, 0x0000000743600000, 0x0000000743600000|100%| O|  |TAMS 0x0000000743600000, 0x0000000743600000| Untracked 
|  27|0x0000000743600000, 0x0000000743800000, 0x0000000743800000|100%| O|  |TAMS 0x0000000743800000, 0x0000000743800000| Untracked 
|  28|0x0000000743800000, 0x0000000743a00000, 0x0000000743a00000|100%| O|  |TAMS 0x0000000743a00000, 0x0000000743a00000| Untracked 
|  29|0x0000000743a00000, 0x0000000743c00000, 0x0000000743c00000|100%| O|  |TAMS 0x0000000743c00000, 0x0000000743c00000| Untracked 
|  30|0x0000000743c00000, 0x0000000743e00000, 0x0000000743e00000|100%| O|  |TAMS 0x0000000743e00000, 0x0000000743e00000| Untracked 
|  31|0x0000000743e00000, 0x0000000744000000, 0x0000000744000000|100%| O|  |TAMS 0x0000000744000000, 0x0000000744000000| Untracked 
|  32|0x0000000744000000, 0x0000000744200000, 0x0000000744200000|100%| O|  |TAMS 0x0000000744200000, 0x0000000744200000| Untracked 
|  33|0x0000000744200000, 0x0000000744400000, 0x0000000744400000|100%| O|  |TAMS 0x0000000744400000, 0x0000000744400000| Untracked 
|  34|0x0000000744400000, 0x0000000744600000, 0x0000000744600000|100%| O|  |TAMS 0x0000000744600000, 0x0000000744600000| Untracked 
|  35|0x0000000744600000, 0x0000000744800000, 0x0000000744800000|100%| O|  |TAMS 0x0000000744800000, 0x0000000744800000| Untracked 
|  36|0x0000000744800000, 0x0000000744a00000, 0x0000000744a00000|100%| O|  |TAMS 0x0000000744a00000, 0x0000000744a00000| Untracked 
|  37|0x0000000744a00000, 0x0000000744c00000, 0x0000000744c00000|100%|HS|  |TAMS 0x0000000744c00000, 0x0000000744c00000| Complete 
|  38|0x0000000744c00000, 0x0000000744e00000, 0x0000000744e00000|100%| O|  |TAMS 0x0000000744e00000, 0x0000000744e00000| Untracked 
|  39|0x0000000744e00000, 0x0000000745000000, 0x0000000745000000|100%| O|  |TAMS 0x0000000745000000, 0x0000000745000000| Untracked 
|  40|0x0000000745000000, 0x0000000745200000, 0x0000000745200000|100%|HS|  |TAMS 0x0000000745200000, 0x0000000745200000| Complete 
|  41|0x0000000745200000, 0x0000000745400000, 0x0000000745400000|100%| O|  |TAMS 0x0000000745400000, 0x0000000745400000| Untracked 
|  42|0x0000000745400000, 0x0000000745600000, 0x0000000745600000|100%|HS|  |TAMS 0x0000000745600000, 0x0000000745600000| Complete 
|  43|0x0000000745600000, 0x0000000745800000, 0x0000000745800000|100%| O|  |TAMS 0x0000000745800000, 0x0000000745800000| Untracked 
|  44|0x0000000745800000, 0x0000000745a00000, 0x0000000745a00000|100%| O|  |TAMS 0x0000000745a00000, 0x0000000745a00000| Untracked 
|  45|0x0000000745a00000, 0x0000000745c00000, 0x0000000745c00000|100%| O|  |TAMS 0x0000000745c00000, 0x0000000745c00000| Untracked 
|  46|0x0000000745c00000, 0x0000000745e00000, 0x0000000745e00000|100%| O|  |TAMS 0x0000000745e00000, 0x0000000745e00000| Untracked 
|  47|0x0000000745e00000, 0x0000000746000000, 0x0000000746000000|100%| O|  |TAMS 0x0000000746000000, 0x0000000746000000| Untracked 
|  48|0x0000000746000000, 0x0000000746200000, 0x0000000746200000|100%| O|  |TAMS 0x0000000746200000, 0x0000000746200000| Untracked 
|  49|0x0000000746200000, 0x0000000746400000, 0x0000000746400000|100%| O|  |TAMS 0x0000000746400000, 0x0000000746400000| Untracked 
|  50|0x0000000746400000, 0x0000000746600000, 0x0000000746600000|100%| O|  |TAMS 0x0000000746600000, 0x0000000746600000| Untracked 
|  51|0x0000000746600000, 0x0000000746800000, 0x0000000746800000|100%| O|  |TAMS 0x0000000746800000, 0x0000000746800000| Untracked 
|  52|0x0000000746800000, 0x0000000746a00000, 0x0000000746a00000|100%| O|  |TAMS 0x0000000746a00000, 0x0000000746a00000| Untracked 
|  53|0x0000000746a00000, 0x0000000746c00000, 0x0000000746c00000|100%| O|  |TAMS 0x0000000746c00000, 0x0000000746c00000| Untracked 
|  54|0x0000000746c00000, 0x0000000746e00000, 0x0000000746e00000|100%| O|  |TAMS 0x0000000746e00000, 0x0000000746e00000| Untracked 
|  55|0x0000000746e00000, 0x0000000747000000, 0x0000000747000000|100%| O|  |TAMS 0x0000000747000000, 0x0000000747000000| Untracked 
|  56|0x0000000747000000, 0x0000000747200000, 0x0000000747200000|100%| O|  |TAMS 0x0000000747200000, 0x0000000747200000| Untracked 
|  57|0x0000000747200000, 0x0000000747400000, 0x0000000747400000|100%| O|  |TAMS 0x0000000747400000, 0x0000000747400000| Untracked 
|  58|0x0000000747400000, 0x0000000747600000, 0x0000000747600000|100%| O|  |TAMS 0x0000000747600000, 0x0000000747600000| Untracked 
|  59|0x0000000747600000, 0x0000000747800000, 0x0000000747800000|100%| O|  |TAMS 0x0000000747600000, 0x0000000747600000| Untracked 
|  60|0x0000000747800000, 0x0000000747a00000, 0x0000000747a00000|100%| O|  |TAMS 0x0000000747a00000, 0x0000000747a00000| Untracked 
|  61|0x0000000747a00000, 0x0000000747c00000, 0x0000000747c00000|100%| O|  |TAMS 0x0000000747c00000, 0x0000000747c00000| Untracked 
|  62|0x0000000747c00000, 0x0000000747e00000, 0x0000000747e00000|100%| O|  |TAMS 0x0000000747e00000, 0x0000000747e00000| Untracked 
|  63|0x0000000747e00000, 0x0000000748000000, 0x0000000748000000|100%| O|  |TAMS 0x0000000748000000, 0x0000000748000000| Untracked 
|  64|0x0000000748000000, 0x0000000748200000, 0x0000000748200000|100%| O|  |TAMS 0x0000000748200000, 0x0000000748200000| Untracked 
|  65|0x0000000748200000, 0x0000000748400000, 0x0000000748400000|100%| O|  |TAMS 0x0000000748400000, 0x0000000748400000| Untracked 
|  66|0x0000000748400000, 0x0000000748600000, 0x0000000748600000|100%| O|  |TAMS 0x0000000748600000, 0x0000000748600000| Untracked 
|  67|0x0000000748600000, 0x0000000748800000, 0x0000000748800000|100%| O|  |TAMS 0x0000000748800000, 0x0000000748800000| Untracked 
|  68|0x0000000748800000, 0x0000000748a00000, 0x0000000748a00000|100%| O|  |TAMS 0x0000000748a00000, 0x0000000748a00000| Untracked 
|  69|0x0000000748a00000, 0x0000000748c00000, 0x0000000748c00000|100%| O|  |TAMS 0x0000000748c00000, 0x0000000748c00000| Untracked 
|  70|0x0000000748c00000, 0x0000000748e00000, 0x0000000748e00000|100%| O|  |TAMS 0x0000000748e00000, 0x0000000748e00000| Untracked 
|  71|0x0000000748e00000, 0x0000000749000000, 0x0000000749000000|100%| O|  |TAMS 0x0000000748e00000, 0x0000000749000000| Untracked 
|  72|0x0000000749000000, 0x0000000749200000, 0x0000000749200000|100%| O|  |TAMS 0x0000000749200000, 0x0000000749200000| Untracked 
|  73|0x0000000749200000, 0x0000000749400000, 0x0000000749400000|100%| O|  |TAMS 0x0000000749400000, 0x0000000749400000| Untracked 
|  74|0x0000000749400000, 0x0000000749600000, 0x0000000749600000|100%| O|  |TAMS 0x0000000749600000, 0x0000000749600000| Untracked 
|  75|0x0000000749600000, 0x0000000749800000, 0x0000000749800000|100%| O|  |TAMS 0x0000000749800000, 0x0000000749800000| Untracked 
|  76|0x0000000749800000, 0x0000000749a00000, 0x0000000749a00000|100%| O|  |TAMS 0x0000000749a00000, 0x0000000749a00000| Untracked 
|  77|0x0000000749a00000, 0x0000000749c00000, 0x0000000749c00000|100%| O|  |TAMS 0x0000000749c00000, 0x0000000749c00000| Untracked 
|  78|0x0000000749c00000, 0x0000000749e00000, 0x0000000749e00000|100%| O|  |TAMS 0x0000000749e00000, 0x0000000749e00000| Untracked 
|  79|0x0000000749e00000, 0x000000074a000000, 0x000000074a000000|100%| O|  |TAMS 0x000000074a000000, 0x000000074a000000| Untracked 
|  80|0x000000074a000000, 0x000000074a200000, 0x000000074a200000|100%| O|  |TAMS 0x000000074a200000, 0x000000074a200000| Untracked 
|  81|0x000000074a200000, 0x000000074a400000, 0x000000074a400000|100%| O|  |TAMS 0x000000074a400000, 0x000000074a400000| Untracked 
|  82|0x000000074a400000, 0x000000074a600000, 0x000000074a600000|100%| O|  |TAMS 0x000000074a600000, 0x000000074a600000| Untracked 
|  83|0x000000074a600000, 0x000000074a800000, 0x000000074a800000|100%| O|  |TAMS 0x000000074a800000, 0x000000074a800000| Untracked 
|  84|0x000000074a800000, 0x000000074aa00000, 0x000000074aa00000|100%| O|  |TAMS 0x000000074aa00000, 0x000000074aa00000| Untracked 
|  85|0x000000074aa00000, 0x000000074ac00000, 0x000000074ac00000|100%| O|  |TAMS 0x000000074ac00000, 0x000000074ac00000| Untracked 
|  86|0x000000074ac00000, 0x000000074ae00000, 0x000000074ae00000|100%| O|  |TAMS 0x000000074ae00000, 0x000000074ae00000| Untracked 
|  87|0x000000074ae00000, 0x000000074b000000, 0x000000074b000000|100%| O|  |TAMS 0x000000074b000000, 0x000000074b000000| Untracked 
|  88|0x000000074b000000, 0x000000074b200000, 0x000000074b200000|100%| O|  |TAMS 0x000000074b200000, 0x000000074b200000| Untracked 
|  89|0x000000074b200000, 0x000000074b400000, 0x000000074b400000|100%| O|  |TAMS 0x000000074b400000, 0x000000074b400000| Untracked 
|  90|0x000000074b400000, 0x000000074b600000, 0x000000074b600000|100%| O|  |TAMS 0x000000074b600000, 0x000000074b600000| Untracked 
|  91|0x000000074b600000, 0x000000074b800000, 0x000000074b800000|100%| O|  |TAMS 0x000000074b800000, 0x000000074b800000| Untracked 
|  92|0x000000074b800000, 0x000000074ba00000, 0x000000074ba00000|100%| O|  |TAMS 0x000000074ba00000, 0x000000074ba00000| Untracked 
|  93|0x000000074ba00000, 0x000000074bc00000, 0x000000074bc00000|100%| O|  |TAMS 0x000000074bc00000, 0x000000074bc00000| Untracked 
|  94|0x000000074bc00000, 0x000000074be00000, 0x000000074be00000|100%| O|  |TAMS 0x000000074be00000, 0x000000074be00000| Untracked 
|  95|0x000000074be00000, 0x000000074c000000, 0x000000074c000000|100%| O|  |TAMS 0x000000074c000000, 0x000000074c000000| Untracked 
|  96|0x000000074c000000, 0x000000074c200000, 0x000000074c200000|100%| O|  |TAMS 0x000000074c200000, 0x000000074c200000| Untracked 
|  97|0x000000074c200000, 0x000000074c400000, 0x000000074c400000|100%| O|  |TAMS 0x000000074c400000, 0x000000074c400000| Untracked 
|  98|0x000000074c400000, 0x000000074c600000, 0x000000074c600000|100%| O|  |TAMS 0x000000074c600000, 0x000000074c600000| Untracked 
|  99|0x000000074c600000, 0x000000074c800000, 0x000000074c800000|100%| O|  |TAMS 0x000000074c800000, 0x000000074c800000| Untracked 
| 100|0x000000074c800000, 0x000000074ca00000, 0x000000074ca00000|100%| O|  |TAMS 0x000000074ca00000, 0x000000074ca00000| Untracked 
| 101|0x000000074ca00000, 0x000000074cc00000, 0x000000074cc00000|100%| O|  |TAMS 0x000000074cc00000, 0x000000074cc00000| Untracked 
| 102|0x000000074cc00000, 0x000000074ce00000, 0x000000074ce00000|100%| O|  |TAMS 0x000000074ce00000, 0x000000074ce00000| Untracked 
| 103|0x000000074ce00000, 0x000000074d000000, 0x000000074d000000|100%| O|  |TAMS 0x000000074d000000, 0x000000074d000000| Untracked 
| 104|0x000000074d000000, 0x000000074d200000, 0x000000074d200000|100%| O|  |TAMS 0x000000074d200000, 0x000000074d200000| Untracked 
| 105|0x000000074d200000, 0x000000074d400000, 0x000000074d400000|100%| O|  |TAMS 0x000000074d2d0a00, 0x000000074d400000| Untracked 
| 106|0x000000074d400000, 0x000000074d600000, 0x000000074d600000|100%| O|  |TAMS 0x000000074d400000, 0x000000074d600000| Untracked 
| 107|0x000000074d600000, 0x000000074d800000, 0x000000074d800000|100%| O|  |TAMS 0x000000074d600000, 0x000000074d800000| Untracked 
| 108|0x000000074d800000, 0x000000074da00000, 0x000000074da00000|100%| O|  |TAMS 0x000000074d800000, 0x000000074da00000| Untracked 
| 109|0x000000074da00000, 0x000000074dc00000, 0x000000074dc00000|100%| O|  |TAMS 0x000000074da00000, 0x000000074dc00000| Untracked 
| 110|0x000000074dc00000, 0x000000074de00000, 0x000000074de00000|100%| O|  |TAMS 0x000000074dc00000, 0x000000074de00000| Untracked 
| 111|0x000000074de00000, 0x000000074e000000, 0x000000074e000000|100%| O|  |TAMS 0x000000074de00000, 0x000000074e000000| Untracked 
| 112|0x000000074e000000, 0x000000074e200000, 0x000000074e200000|100%| O|  |TAMS 0x000000074e000000, 0x000000074e200000| Untracked 
| 113|0x000000074e200000, 0x000000074e400000, 0x000000074e400000|100%| O|  |TAMS 0x000000074e200000, 0x000000074e400000| Untracked 
| 114|0x000000074e400000, 0x000000074e600000, 0x000000074e600000|100%| O|  |TAMS 0x000000074e400000, 0x000000074e600000| Untracked 
| 115|0x000000074e600000, 0x000000074e800000, 0x000000074e800000|100%| O|  |TAMS 0x000000074e600000, 0x000000074e800000| Untracked 
| 116|0x000000074e800000, 0x000000074ea00000, 0x000000074ea00000|100%| O|  |TAMS 0x000000074e800000, 0x000000074ea00000| Untracked 
| 117|0x000000074ea00000, 0x000000074ec00000, 0x000000074ec00000|100%| O|  |TAMS 0x000000074ea00000, 0x000000074ec00000| Untracked 
| 118|0x000000074ec00000, 0x000000074ee00000, 0x000000074ee00000|100%| O|  |TAMS 0x000000074ec00000, 0x000000074ee00000| Untracked 
| 119|0x000000074ee00000, 0x000000074f000000, 0x000000074f000000|100%| O|  |TAMS 0x000000074ee00000, 0x000000074f000000| Untracked 
| 120|0x000000074f000000, 0x000000074f200000, 0x000000074f200000|100%| O|  |TAMS 0x000000074f000000, 0x000000074f200000| Untracked 
| 121|0x000000074f200000, 0x000000074f400000, 0x000000074f400000|100%| O|  |TAMS 0x000000074f200000, 0x000000074f400000| Untracked 
| 122|0x000000074f400000, 0x000000074f600000, 0x000000074f600000|100%| O|  |TAMS 0x000000074f400000, 0x000000074f600000| Untracked 
| 123|0x000000074f600000, 0x000000074f800000, 0x000000074f800000|100%| O|  |TAMS 0x000000074f600000, 0x000000074f800000| Untracked 
| 124|0x000000074f800000, 0x000000074fa00000, 0x000000074fa00000|100%| O|  |TAMS 0x000000074f800000, 0x000000074fa00000| Untracked 
| 125|0x000000074fa00000, 0x000000074fc00000, 0x000000074fc00000|100%| O|  |TAMS 0x000000074fa00000, 0x000000074fc00000| Untracked 
| 126|0x000000074fc00000, 0x000000074fe00000, 0x000000074fe00000|100%| O|  |TAMS 0x000000074fc00000, 0x000000074fe00000| Untracked 
| 127|0x000000074fe00000, 0x0000000750000000, 0x0000000750000000|100%| O|  |TAMS 0x000000074fe00000, 0x0000000750000000| Untracked 
| 128|0x0000000750000000, 0x0000000750200000, 0x0000000750200000|100%| O|  |TAMS 0x0000000750000000, 0x0000000750200000| Untracked 
| 129|0x0000000750200000, 0x0000000750400000, 0x0000000750400000|100%| O|  |TAMS 0x0000000750200000, 0x0000000750400000| Untracked 
| 130|0x0000000750400000, 0x0000000750600000, 0x0000000750600000|100%| O|  |TAMS 0x0000000750400000, 0x0000000750600000| Untracked 
| 131|0x0000000750600000, 0x0000000750800000, 0x0000000750800000|100%| O|  |TAMS 0x0000000750600000, 0x00000007507f2a00| Untracked 
| 132|0x0000000750800000, 0x0000000750a00000, 0x0000000750a00000|100%| O|  |TAMS 0x0000000750800000, 0x0000000750800000| Untracked 
| 133|0x0000000750a00000, 0x0000000750c00000, 0x0000000750c00000|100%| O|  |TAMS 0x0000000750a00000, 0x0000000750a00000| Untracked 
| 134|0x0000000750c00000, 0x0000000750e00000, 0x0000000750e00000|100%| O|  |TAMS 0x0000000750c00000, 0x0000000750c00000| Untracked 
| 135|0x0000000750e00000, 0x0000000751000000, 0x0000000751000000|100%| O|  |TAMS 0x0000000750e00000, 0x0000000750e00000| Untracked 
| 136|0x0000000751000000, 0x00000007510fc200, 0x0000000751200000| 49%| O|  |TAMS 0x0000000751000000, 0x0000000751000000| Untracked 
| 137|0x0000000751200000, 0x0000000751200000, 0x0000000751400000|  0%| F|  |TAMS 0x0000000751200000, 0x0000000751200000| Untracked 
| 138|0x0000000751400000, 0x0000000751400000, 0x0000000751600000|  0%| F|  |TAMS 0x0000000751400000, 0x0000000751400000| Untracked 
| 139|0x0000000751600000, 0x0000000751600000, 0x0000000751800000|  0%| F|  |TAMS 0x0000000751600000, 0x0000000751600000| Untracked 
| 140|0x0000000751800000, 0x0000000751800000, 0x0000000751a00000|  0%| F|  |TAMS 0x0000000751800000, 0x0000000751800000| Untracked 
| 141|0x0000000751a00000, 0x0000000751a00000, 0x0000000751c00000|  0%| F|  |TAMS 0x0000000751a00000, 0x0000000751a00000| Untracked 
| 142|0x0000000751c00000, 0x0000000751c00000, 0x0000000751e00000|  0%| F|  |TAMS 0x0000000751c00000, 0x0000000751c00000| Untracked 
| 143|0x0000000751e00000, 0x0000000751e00000, 0x0000000752000000|  0%| F|  |TAMS 0x0000000751e00000, 0x0000000751e00000| Untracked 
| 144|0x0000000752000000, 0x0000000752000000, 0x0000000752200000|  0%| F|  |TAMS 0x0000000752000000, 0x0000000752000000| Untracked 
| 145|0x0000000752200000, 0x0000000752200000, 0x0000000752400000|  0%| F|  |TAMS 0x0000000752200000, 0x0000000752200000| Untracked 
| 146|0x0000000752400000, 0x0000000752400000, 0x0000000752600000|  0%| F|  |TAMS 0x0000000752400000, 0x0000000752400000| Untracked 
| 147|0x0000000752600000, 0x0000000752600000, 0x0000000752800000|  0%| F|  |TAMS 0x0000000752600000, 0x0000000752600000| Untracked 
| 148|0x0000000752800000, 0x0000000752800000, 0x0000000752a00000|  0%| F|  |TAMS 0x0000000752800000, 0x0000000752800000| Untracked 
| 149|0x0000000752a00000, 0x0000000752a00000, 0x0000000752c00000|  0%| F|  |TAMS 0x0000000752a00000, 0x0000000752a00000| Untracked 
| 150|0x0000000752c00000, 0x0000000752c00000, 0x0000000752e00000|  0%| F|  |TAMS 0x0000000752c00000, 0x0000000752c00000| Untracked 
| 151|0x0000000752e00000, 0x0000000752e00000, 0x0000000753000000|  0%| F|  |TAMS 0x0000000752e00000, 0x0000000752e00000| Untracked 
| 152|0x0000000753000000, 0x0000000753000000, 0x0000000753200000|  0%| F|  |TAMS 0x0000000753000000, 0x0000000753000000| Untracked 
| 153|0x0000000753200000, 0x0000000753200000, 0x0000000753400000|  0%| F|  |TAMS 0x0000000753200000, 0x0000000753200000| Untracked 
| 154|0x0000000753400000, 0x0000000753400000, 0x0000000753600000|  0%| F|  |TAMS 0x0000000753400000, 0x0000000753400000| Untracked 
| 155|0x0000000753600000, 0x0000000753600000, 0x0000000753800000|  0%| F|  |TAMS 0x0000000753600000, 0x0000000753600000| Untracked 
| 156|0x0000000753800000, 0x0000000753800000, 0x0000000753a00000|  0%| F|  |TAMS 0x0000000753800000, 0x0000000753800000| Untracked 
| 157|0x0000000753a00000, 0x0000000753a00000, 0x0000000753c00000|  0%| F|  |TAMS 0x0000000753a00000, 0x0000000753a00000| Untracked 
| 158|0x0000000753c00000, 0x0000000753c00000, 0x0000000753e00000|  0%| F|  |TAMS 0x0000000753c00000, 0x0000000753c00000| Untracked 
| 159|0x0000000753e00000, 0x0000000753e00000, 0x0000000754000000|  0%| F|  |TAMS 0x0000000753e00000, 0x0000000753e00000| Untracked 
| 160|0x0000000754000000, 0x0000000754000000, 0x0000000754200000|  0%| F|  |TAMS 0x0000000754000000, 0x0000000754000000| Untracked 
| 161|0x0000000754200000, 0x0000000754200000, 0x0000000754400000|  0%| F|  |TAMS 0x0000000754200000, 0x0000000754200000| Untracked 
| 162|0x0000000754400000, 0x0000000754400000, 0x0000000754600000|  0%| F|  |TAMS 0x0000000754400000, 0x0000000754400000| Untracked 
| 163|0x0000000754600000, 0x0000000754600000, 0x0000000754800000|  0%| F|  |TAMS 0x0000000754600000, 0x0000000754600000| Untracked 
| 164|0x0000000754800000, 0x0000000754800000, 0x0000000754a00000|  0%| F|  |TAMS 0x0000000754800000, 0x0000000754800000| Untracked 
| 165|0x0000000754a00000, 0x0000000754a00000, 0x0000000754c00000|  0%| F|  |TAMS 0x0000000754a00000, 0x0000000754a00000| Untracked 
| 166|0x0000000754c00000, 0x0000000754c00000, 0x0000000754e00000|  0%| F|  |TAMS 0x0000000754c00000, 0x0000000754c00000| Untracked 
| 167|0x0000000754e00000, 0x0000000754e00000, 0x0000000755000000|  0%| F|  |TAMS 0x0000000754e00000, 0x0000000754e00000| Untracked 
| 168|0x0000000755000000, 0x0000000755000000, 0x0000000755200000|  0%| F|  |TAMS 0x0000000755000000, 0x0000000755000000| Untracked 
| 169|0x0000000755200000, 0x0000000755200000, 0x0000000755400000|  0%| F|  |TAMS 0x0000000755200000, 0x0000000755200000| Untracked 
| 170|0x0000000755400000, 0x0000000755400000, 0x0000000755600000|  0%| F|  |TAMS 0x0000000755400000, 0x0000000755400000| Untracked 
| 171|0x0000000755600000, 0x0000000755600000, 0x0000000755800000|  0%| F|  |TAMS 0x0000000755600000, 0x0000000755600000| Untracked 
| 172|0x0000000755800000, 0x0000000755800000, 0x0000000755a00000|  0%| F|  |TAMS 0x0000000755800000, 0x0000000755800000| Untracked 
| 173|0x0000000755a00000, 0x0000000755a00000, 0x0000000755c00000|  0%| F|  |TAMS 0x0000000755a00000, 0x0000000755a00000| Untracked 
| 174|0x0000000755c00000, 0x0000000755c00000, 0x0000000755e00000|  0%| F|  |TAMS 0x0000000755c00000, 0x0000000755c00000| Untracked 
| 175|0x0000000755e00000, 0x0000000755e00000, 0x0000000756000000|  0%| F|  |TAMS 0x0000000755e00000, 0x0000000755e00000| Untracked 
| 176|0x0000000756000000, 0x0000000756200000, 0x0000000756200000|100%| S|CS|TAMS 0x0000000756000000, 0x0000000756000000| Complete 
| 177|0x0000000756200000, 0x0000000756400000, 0x0000000756400000|100%| S|CS|TAMS 0x0000000756200000, 0x0000000756200000| Complete 
| 178|0x0000000756400000, 0x0000000756600000, 0x0000000756600000|100%| S|CS|TAMS 0x0000000756400000, 0x0000000756400000| Complete 
| 179|0x0000000756600000, 0x0000000756800000, 0x0000000756800000|100%| S|CS|TAMS 0x0000000756600000, 0x0000000756600000| Complete 
| 180|0x0000000756800000, 0x0000000756a00000, 0x0000000756a00000|100%| S|CS|TAMS 0x0000000756800000, 0x0000000756800000| Complete 
| 181|0x0000000756a00000, 0x0000000756c00000, 0x0000000756c00000|100%| S|CS|TAMS 0x0000000756a00000, 0x0000000756a00000| Complete 
| 182|0x0000000756c00000, 0x0000000756e00000, 0x0000000756e00000|100%| S|CS|TAMS 0x0000000756c00000, 0x0000000756c00000| Complete 
| 183|0x0000000756e00000, 0x0000000756e00000, 0x0000000757000000|  0%| F|  |TAMS 0x0000000756e00000, 0x0000000756e00000| Untracked 
| 184|0x0000000757000000, 0x0000000757000000, 0x0000000757200000|  0%| F|  |TAMS 0x0000000757000000, 0x0000000757000000| Untracked 
| 185|0x0000000757200000, 0x0000000757200000, 0x0000000757400000|  0%| F|  |TAMS 0x0000000757200000, 0x0000000757200000| Untracked 
| 186|0x0000000757400000, 0x0000000757400000, 0x0000000757600000|  0%| F|  |TAMS 0x0000000757400000, 0x0000000757400000| Untracked 
| 187|0x0000000757600000, 0x0000000757600000, 0x0000000757800000|  0%| F|  |TAMS 0x0000000757600000, 0x0000000757600000| Untracked 
| 188|0x0000000757800000, 0x0000000757800000, 0x0000000757a00000|  0%| F|  |TAMS 0x0000000757800000, 0x0000000757800000| Untracked 
| 189|0x0000000757a00000, 0x0000000757a00000, 0x0000000757c00000|  0%| F|  |TAMS 0x0000000757a00000, 0x0000000757a00000| Untracked 
| 190|0x0000000757c00000, 0x0000000757c00000, 0x0000000757e00000|  0%| F|  |TAMS 0x0000000757c00000, 0x0000000757c00000| Untracked 
| 191|0x0000000757e00000, 0x0000000757e00000, 0x0000000758000000|  0%| F|  |TAMS 0x0000000757e00000, 0x0000000757e00000| Untracked 
| 192|0x0000000758000000, 0x0000000758000000, 0x0000000758200000|  0%| F|  |TAMS 0x0000000758000000, 0x0000000758000000| Untracked 
| 193|0x0000000758200000, 0x0000000758200000, 0x0000000758400000|  0%| F|  |TAMS 0x0000000758200000, 0x0000000758200000| Untracked 
| 194|0x0000000758400000, 0x0000000758400000, 0x0000000758600000|  0%| F|  |TAMS 0x0000000758400000, 0x0000000758400000| Untracked 
| 195|0x0000000758600000, 0x0000000758600000, 0x0000000758800000|  0%| F|  |TAMS 0x0000000758600000, 0x0000000758600000| Untracked 
| 196|0x0000000758800000, 0x0000000758800000, 0x0000000758a00000|  0%| F|  |TAMS 0x0000000758800000, 0x0000000758800000| Untracked 
| 197|0x0000000758a00000, 0x0000000758a00000, 0x0000000758c00000|  0%| F|  |TAMS 0x0000000758a00000, 0x0000000758a00000| Untracked 
| 198|0x0000000758c00000, 0x0000000758c00000, 0x0000000758e00000|  0%| F|  |TAMS 0x0000000758c00000, 0x0000000758c00000| Untracked 
| 199|0x0000000758e00000, 0x0000000758e00000, 0x0000000759000000|  0%| F|  |TAMS 0x0000000758e00000, 0x0000000758e00000| Untracked 
| 200|0x0000000759000000, 0x0000000759000000, 0x0000000759200000|  0%| F|  |TAMS 0x0000000759000000, 0x0000000759000000| Untracked 
| 201|0x0000000759200000, 0x0000000759200000, 0x0000000759400000|  0%| F|  |TAMS 0x0000000759200000, 0x0000000759200000| Untracked 
| 202|0x0000000759400000, 0x0000000759400000, 0x0000000759600000|  0%| F|  |TAMS 0x0000000759400000, 0x0000000759400000| Untracked 
| 203|0x0000000759600000, 0x0000000759600000, 0x0000000759800000|  0%| F|  |TAMS 0x0000000759600000, 0x0000000759600000| Untracked 
| 204|0x0000000759800000, 0x0000000759800000, 0x0000000759a00000|  0%| F|  |TAMS 0x0000000759800000, 0x0000000759800000| Untracked 
| 205|0x0000000759a00000, 0x0000000759a00000, 0x0000000759c00000|  0%| F|  |TAMS 0x0000000759a00000, 0x0000000759a00000| Untracked 
| 206|0x0000000759c00000, 0x0000000759c00000, 0x0000000759e00000|  0%| F|  |TAMS 0x0000000759c00000, 0x0000000759c00000| Untracked 
| 207|0x0000000759e00000, 0x0000000759e00000, 0x000000075a000000|  0%| F|  |TAMS 0x0000000759e00000, 0x0000000759e00000| Untracked 
| 208|0x000000075a000000, 0x000000075a000000, 0x000000075a200000|  0%| F|  |TAMS 0x000000075a000000, 0x000000075a000000| Untracked 
| 209|0x000000075a200000, 0x000000075a200000, 0x000000075a400000|  0%| F|  |TAMS 0x000000075a200000, 0x000000075a200000| Untracked 
| 210|0x000000075a400000, 0x000000075a400000, 0x000000075a600000|  0%| F|  |TAMS 0x000000075a400000, 0x000000075a400000| Untracked 
| 211|0x000000075a600000, 0x000000075a600000, 0x000000075a800000|  0%| F|  |TAMS 0x000000075a600000, 0x000000075a600000| Untracked 
| 212|0x000000075a800000, 0x000000075a800000, 0x000000075aa00000|  0%| F|  |TAMS 0x000000075a800000, 0x000000075a800000| Untracked 
| 213|0x000000075aa00000, 0x000000075aa00000, 0x000000075ac00000|  0%| F|  |TAMS 0x000000075aa00000, 0x000000075aa00000| Untracked 
| 214|0x000000075ac00000, 0x000000075ac00000, 0x000000075ae00000|  0%| F|  |TAMS 0x000000075ac00000, 0x000000075ac00000| Untracked 
| 215|0x000000075ae00000, 0x000000075ae00000, 0x000000075b000000|  0%| F|  |TAMS 0x000000075ae00000, 0x000000075ae00000| Untracked 
| 216|0x000000075b000000, 0x000000075b000000, 0x000000075b200000|  0%| F|  |TAMS 0x000000075b000000, 0x000000075b000000| Untracked 
| 217|0x000000075b200000, 0x000000075b200000, 0x000000075b400000|  0%| F|  |TAMS 0x000000075b200000, 0x000000075b200000| Untracked 
| 218|0x000000075b400000, 0x000000075b400000, 0x000000075b600000|  0%| F|  |TAMS 0x000000075b400000, 0x000000075b400000| Untracked 
| 219|0x000000075b600000, 0x000000075b600000, 0x000000075b800000|  0%| F|  |TAMS 0x000000075b600000, 0x000000075b600000| Untracked 
| 220|0x000000075b800000, 0x000000075b800000, 0x000000075ba00000|  0%| F|  |TAMS 0x000000075b800000, 0x000000075b800000| Untracked 
| 221|0x000000075ba00000, 0x000000075ba00000, 0x000000075bc00000|  0%| F|  |TAMS 0x000000075ba00000, 0x000000075ba00000| Untracked 
| 222|0x000000075bc00000, 0x000000075bc00000, 0x000000075be00000|  0%| F|  |TAMS 0x000000075bc00000, 0x000000075bc00000| Untracked 
| 223|0x000000075be00000, 0x000000075be00000, 0x000000075c000000|  0%| F|  |TAMS 0x000000075be00000, 0x000000075be00000| Untracked 
| 224|0x000000075c000000, 0x000000075c000000, 0x000000075c200000|  0%| F|  |TAMS 0x000000075c000000, 0x000000075c000000| Untracked 
| 225|0x000000075c200000, 0x000000075c200000, 0x000000075c400000|  0%| F|  |TAMS 0x000000075c200000, 0x000000075c200000| Untracked 
| 226|0x000000075c400000, 0x000000075c400000, 0x000000075c600000|  0%| F|  |TAMS 0x000000075c400000, 0x000000075c400000| Untracked 
| 227|0x000000075c600000, 0x000000075c600000, 0x000000075c800000|  0%| F|  |TAMS 0x000000075c600000, 0x000000075c600000| Untracked 
| 228|0x000000075c800000, 0x000000075c800000, 0x000000075ca00000|  0%| F|  |TAMS 0x000000075c800000, 0x000000075c800000| Untracked 
| 229|0x000000075ca00000, 0x000000075ca00000, 0x000000075cc00000|  0%| F|  |TAMS 0x000000075ca00000, 0x000000075ca00000| Untracked 
| 230|0x000000075cc00000, 0x000000075cc00000, 0x000000075ce00000|  0%| F|  |TAMS 0x000000075cc00000, 0x000000075cc00000| Untracked 
| 231|0x000000075ce00000, 0x000000075ce00000, 0x000000075d000000|  0%| F|  |TAMS 0x000000075ce00000, 0x000000075ce00000| Untracked 
| 232|0x000000075d000000, 0x000000075d000000, 0x000000075d200000|  0%| F|  |TAMS 0x000000075d000000, 0x000000075d000000| Untracked 
| 233|0x000000075d200000, 0x000000075d200000, 0x000000075d400000|  0%| F|  |TAMS 0x000000075d200000, 0x000000075d200000| Untracked 
| 234|0x000000075d400000, 0x000000075d400000, 0x000000075d600000|  0%| F|  |TAMS 0x000000075d400000, 0x000000075d400000| Untracked 

Card table byte_map: [0x00000245e77c0000,0x00000245e7dc0000] _byte_map_base: 0x00000245e3dc0000

Marking Bits (Prev, Next): (CMBitMap*) 0x00000245d0419260, (CMBitMap*) 0x00000245d0419220
 Prev Bits: [0x00000245eb3c0000, 0x00000245ee3c0000)
 Next Bits: [0x00000245e83c0000, 0x00000245eb3c0000)

Polling page: 0x00000245ce310000

Metaspace:

Usage:
  Non-class:     62.52 MB used.
      Class:      9.97 MB used.
       Both:     72.48 MB used.

Virtual space:
  Non-class space:       64.00 MB reserved,      62.81 MB ( 98%) committed,  1 nodes.
      Class space:        1.00 GB reserved,      10.25 MB (  1%) committed,  1 nodes.
             Both:        1.06 GB reserved,      73.06 MB (  7%) committed. 

Chunk freelists:
   Non-Class:  772.00 KB
       Class:  5.78 MB
        Both:  6.54 MB

MaxMetaspaceSize: unlimited
CompressedClassSpaceSize: 1.00 GB
Initial GC threshold: 21.00 MB
Current GC threshold: 121.81 MB
CDS: on
MetaspaceReclaimPolicy: balanced
 - commit_granule_bytes: 65536.
 - commit_granule_words: 8192.
 - virtual_space_node_default_size: 8388608.
 - enlarge_chunks_in_place: 1.
 - new_chunks_are_fully_committed: 0.
 - uncommit_free_chunks: 1.
 - use_allocation_guard: 0.
 - handle_deallocations: 1.


Internal statistics:

num_allocs_failed_limit: 6.
num_arena_births: 710.
num_arena_deaths: 4.
num_vsnodes_births: 2.
num_vsnodes_deaths: 0.
num_space_committed: 1169.
num_space_uncommitted: 0.
num_chunks_returned_to_freelist: 12.
num_chunks_taken_from_freelist: 3545.
num_chunk_merges: 8.
num_chunk_splits: 2301.
num_chunks_enlarged: 1523.
num_inconsistent_stats: 0.

CodeHeap 'non-profiled nmethods': size=120000Kb used=7006Kb max_used=7006Kb free=112993Kb
 bounds [0x00000245df740000, 0x00000245dfe20000, 0x00000245e6c70000]
CodeHeap 'profiled nmethods': size=120000Kb used=15334Kb max_used=16881Kb free=104665Kb
 bounds [0x00000245d7c70000, 0x00000245d8cf0000, 0x00000245df1a0000]
CodeHeap 'non-nmethods': size=5760Kb used=2368Kb max_used=2449Kb free=3392Kb
 bounds [0x00000245df1a0000, 0x00000245df410000, 0x00000245df740000]
 total_blobs=9106 nmethods=8215 adapters=801
 compilation: enabled
              stopped_count=0, restarted_count=0
 full_count=0

Compilation events (20 events):
Event: 20.291 Thread 0x00000245fa948350 10294   !   4       sun.nio.fs.WindowsFileAttributes::toFileTime (47 bytes)
Event: 20.292 Thread 0x00000245f100eb20 nmethod 10293 0x00000245dfe13f90 code [0x00000245dfe14120, 0x00000245dfe142a8]
Event: 20.293 Thread 0x00000245fa948350 nmethod 10294 0x00000245dfe14410 code [0x00000245dfe145a0, 0x00000245dfe14708]
Event: 20.357 Thread 0x00000245f74d4400 10295       4       sun.nio.cs.UTF_8$Decoder::decodeArrayLoop (688 bytes)
Event: 20.357 Thread 0x00000245f10174f0 10296       3       com.sun.tools.javac.tree.JCTree$JCParens::getTag (4 bytes)
Event: 20.357 Thread 0x00000245f10174f0 nmethod 10296 0x00000245d7efe610 code [0x00000245d7efe7a0, 0x00000245d7efe8b8]
Event: 20.359 Thread 0x00000245f10174f0 10297       3       com.sun.tools.javac.parser.JavacParser::term3 (2724 bytes)
Event: 20.362 Thread 0x00000245f100eb20 10298       4       java.io.FileCleanable::register (49 bytes)
Event: 20.363 Thread 0x00000245fa948350 10299       4       com.sun.tools.javac.tree.JCTree$JCArrayTypeTree::getTag (4 bytes)
Event: 20.363 Thread 0x00000245fa948350 nmethod 10299 0x00000245dfe14890 code [0x00000245dfe14a00, 0x00000245dfe14a78]
Event: 20.366 Thread 0x00000245f100eb20 nmethod 10298 0x00000245dfe14b90 code [0x00000245dfe14d20, 0x00000245dfe150c8]
Event: 20.379 Thread 0x00000245f74d4400 nmethod 10295 0x00000245dfe15290 code [0x00000245dfe15580, 0x00000245dfe16970]
Event: 20.379 Thread 0x00000245f10174f0 nmethod 10297 0x00000245d8b34810 code [0x00000245d8b36660, 0x00000245d8b48f08]
Event: 20.382 Thread 0x00000245f74d4400 10300       4       com.sun.tools.javac.parser.JavacParser::term3 (2724 bytes)
Event: 20.401 Thread 0x00000245f10174f0 10301       3       java.util.concurrent.ThreadPoolExecutor::runStateAtLeast (11 bytes)
Event: 20.401 Thread 0x00000245f10174f0 nmethod 10301 0x00000245d7f08d10 code [0x00000245d7f08ea0, 0x00000245d7f08ff8]
Event: 20.401 Thread 0x00000245f10174f0 10302       3       java.util.HashMap$HashMapSpliterator::getFence (53 bytes)
Event: 20.401 Thread 0x00000245f10174f0 nmethod 10302 0x00000245d7d3d810 code [0x00000245d7d3d9a0, 0x00000245d7d3db78]
Event: 20.410 Thread 0x00000245f10174f0 10303       3       com.sun.tools.javac.parser.JavacParser::enumDeclaration (110 bytes)
Event: 20.411 Thread 0x00000245f10174f0 nmethod 10303 0x00000245d7cd5f10 code [0x00000245d7cd61c0, 0x00000245d7cd6dc8]

GC Heap History (20 events):
Event: 17.378 GC heap after
{Heap after GC invocations=34 (full 0):
 garbage-first heap   total 290816K, used 83896K [0x0000000740000000, 0x0000000800000000)
  region size 2048K, 11 young (22528K), 11 survivors (22528K)
 Metaspace       used 74067K, committed 74688K, reserved 1114112K
  class space    used 10200K, committed 10496K, reserved 1048576K
}
Event: 17.981 GC heap before
{Heap before GC invocations=34 (full 0):
 garbage-first heap   total 290816K, used 214968K [0x0000000740000000, 0x0000000800000000)
  region size 2048K, 75 young (153600K), 11 survivors (22528K)
 Metaspace       used 74196K, committed 74816K, reserved 1114112K
  class space    used 10203K, committed 10496K, reserved 1048576K
}
Event: 18.000 GC heap after
{Heap after GC invocations=35 (full 0):
 garbage-first heap   total 290816K, used 113977K [0x0000000740000000, 0x0000000800000000)
  region size 2048K, 10 young (20480K), 10 survivors (20480K)
 Metaspace       used 74196K, committed 74816K, reserved 1114112K
  class space    used 10203K, committed 10496K, reserved 1048576K
}
Event: 18.367 GC heap before
{Heap before GC invocations=35 (full 0):
 garbage-first heap   total 290816K, used 216377K [0x0000000740000000, 0x0000000800000000)
  region size 2048K, 60 young (122880K), 10 survivors (20480K)
 Metaspace       used 74213K, committed 74816K, reserved 1114112K
  class space    used 10206K, committed 10496K, reserved 1048576K
}
Event: 18.385 GC heap after
{Heap after GC invocations=36 (full 0):
 garbage-first heap   total 290816K, used 138839K [0x0000000740000000, 0x0000000800000000)
  region size 2048K, 8 young (16384K), 8 survivors (16384K)
 Metaspace       used 74213K, committed 74816K, reserved 1114112K
  class space    used 10206K, committed 10496K, reserved 1048576K
}
Event: 18.704 GC heap before
{Heap before GC invocations=36 (full 0):
 garbage-first heap   total 290816K, used 220759K [0x0000000740000000, 0x0000000800000000)
  region size 2048K, 48 young (98304K), 8 survivors (16384K)
 Metaspace       used 74219K, committed 74816K, reserved 1114112K
  class space    used 10206K, committed 10496K, reserved 1048576K
}
Event: 18.719 GC heap after
{Heap after GC invocations=37 (full 0):
 garbage-first heap   total 290816K, used 158892K [0x0000000740000000, 0x0000000800000000)
  region size 2048K, 6 young (12288K), 6 survivors (12288K)
 Metaspace       used 74219K, committed 74816K, reserved 1114112K
  class space    used 10206K, committed 10496K, reserved 1048576K
}
Event: 18.890 GC heap before
{Heap before GC invocations=37 (full 0):
 garbage-first heap   total 290816K, used 224428K [0x0000000740000000, 0x0000000800000000)
  region size 2048K, 38 young (77824K), 6 survivors (12288K)
 Metaspace       used 74224K, committed 74816K, reserved 1114112K
  class space    used 10206K, committed 10496K, reserved 1048576K
}
Event: 18.900 GC heap after
{Heap after GC invocations=38 (full 0):
 garbage-first heap   total 452608K, used 176177K [0x0000000740000000, 0x0000000800000000)
  region size 2048K, 5 young (10240K), 5 survivors (10240K)
 Metaspace       used 74224K, committed 74816K, reserved 1114112K
  class space    used 10206K, committed 10496K, reserved 1048576K
}
Event: 19.493 GC heap before
{Heap before GC invocations=39 (full 0):
 garbage-first heap   total 452608K, used 331825K [0x0000000740000000, 0x0000000800000000)
  region size 2048K, 78 young (159744K), 5 survivors (10240K)
 Metaspace       used 74222K, committed 74816K, reserved 1114112K
  class space    used 10205K, committed 10496K, reserved 1048576K
}
Event: 19.513 GC heap after
{Heap after GC invocations=40 (full 0):
 garbage-first heap   total 452608K, used 212499K [0x0000000740000000, 0x0000000800000000)
  region size 2048K, 10 young (20480K), 10 survivors (20480K)
 Metaspace       used 74222K, committed 74816K, reserved 1114112K
  class space    used 10205K, committed 10496K, reserved 1048576K
}
Event: 19.523 GC heap before
{Heap before GC invocations=40 (full 0):
 garbage-first heap   total 452608K, used 214547K [0x0000000740000000, 0x0000000800000000)
  region size 2048K, 11 young (22528K), 10 survivors (20480K)
 Metaspace       used 74222K, committed 74816K, reserved 1114112K
  class space    used 10205K, committed 10496K, reserved 1048576K
}
Event: 19.534 GC heap after
{Heap after GC invocations=41 (full 0):
 garbage-first heap   total 452608K, used 215347K [0x0000000740000000, 0x0000000800000000)
  region size 2048K, 2 young (4096K), 2 survivors (4096K)
 Metaspace       used 74222K, committed 74816K, reserved 1114112K
  class space    used 10205K, committed 10496K, reserved 1048576K
}
Event: 19.899 GC heap before
{Heap before GC invocations=41 (full 0):
 garbage-first heap   total 452608K, used 336179K [0x0000000740000000, 0x0000000800000000)
  region size 2048K, 61 young (124928K), 2 survivors (4096K)
 Metaspace       used 74222K, committed 74816K, reserved 1114112K
  class space    used 10205K, committed 10496K, reserved 1048576K
}
Event: 19.912 GC heap after
{Heap after GC invocations=42 (full 0):
 garbage-first heap   total 452608K, used 242860K [0x0000000740000000, 0x0000000800000000)
  region size 2048K, 8 young (16384K), 8 survivors (16384K)
 Metaspace       used 74222K, committed 74816K, reserved 1114112K
  class space    used 10205K, committed 10496K, reserved 1048576K
}
Event: 20.178 GC heap before
{Heap before GC invocations=43 (full 0):
 garbage-first heap   total 481280K, used 345260K [0x0000000740000000, 0x0000000800000000)
  region size 2048K, 59 young (120832K), 8 survivors (16384K)
 Metaspace       used 74222K, committed 74816K, reserved 1114112K
  class space    used 10205K, committed 10496K, reserved 1048576K
}
Event: 20.195 GC heap after
{Heap after GC invocations=44 (full 0):
 garbage-first heap   total 481280K, used 267306K [0x0000000740000000, 0x0000000800000000)
  region size 2048K, 8 young (16384K), 8 survivors (16384K)
 Metaspace       used 74222K, committed 74816K, reserved 1114112K
  class space    used 10205K, committed 10496K, reserved 1048576K
}
Event: 20.209 GC heap before
{Heap before GC invocations=44 (full 0):
 garbage-first heap   total 481280K, used 271402K [0x0000000740000000, 0x0000000800000000)
  region size 2048K, 11 young (22528K), 8 survivors (16384K)
 Metaspace       used 74222K, committed 74816K, reserved 1114112K
  class space    used 10205K, committed 10496K, reserved 1048576K
}
Event: 20.216 GC heap after
{Heap after GC invocations=45 (full 0):
 garbage-first heap   total 481280K, used 269980K [0x0000000740000000, 0x0000000800000000)
  region size 2048K, 2 young (4096K), 2 survivors (4096K)
 Metaspace       used 74222K, committed 74816K, reserved 1114112K
  class space    used 10205K, committed 10496K, reserved 1048576K
}
Event: 20.417 GC heap before
{Heap before GC invocations=45 (full 0):
 garbage-first heap   total 481280K, used 370332K [0x0000000740000000, 0x0000000800000000)
  region size 2048K, 52 young (106496K), 2 survivors (4096K)
 Metaspace       used 74222K, committed 74816K, reserved 1114112K
  class space    used 10205K, committed 10496K, reserved 1048576K
}

Deoptimization events (20 events):
Event: 19.547 Thread 0x00000245faebe820 DEOPT PACKING pc=0x00000245d8c52e65 sp=0x000000b93c7f7aa0
Event: 19.547 Thread 0x00000245faebe820 DEOPT UNPACKING pc=0x00000245df1f2b43 sp=0x000000b93c7f7048 mode 0
Event: 19.557 Thread 0x00000245faebe820 DEOPT PACKING pc=0x00000245d8c52e65 sp=0x000000b93c7f7310
Event: 19.557 Thread 0x00000245faebe820 DEOPT UNPACKING pc=0x00000245df1f2b43 sp=0x000000b93c7f68b8 mode 0
Event: 19.570 Thread 0x00000245faebe820 DEOPT PACKING pc=0x00000245d8c52e65 sp=0x000000b93c7f7b40
Event: 19.570 Thread 0x00000245faebe820 DEOPT UNPACKING pc=0x00000245df1f2b43 sp=0x000000b93c7f70e8 mode 0
Event: 19.579 Thread 0x00000245faebe820 DEOPT PACKING pc=0x00000245d8c52e65 sp=0x000000b93c7f74c0
Event: 19.579 Thread 0x00000245faebe820 DEOPT UNPACKING pc=0x00000245df1f2b43 sp=0x000000b93c7f6a68 mode 0
Event: 19.590 Thread 0x00000245faebe820 DEOPT PACKING pc=0x00000245d8c52e65 sp=0x000000b93c7f70c0
Event: 19.590 Thread 0x00000245faebe820 DEOPT UNPACKING pc=0x00000245df1f2b43 sp=0x000000b93c7f6668 mode 0
Event: 19.604 Thread 0x00000245faebe820 DEOPT PACKING pc=0x00000245d8c52e65 sp=0x000000b93c7f7a90
Event: 19.604 Thread 0x00000245faebe820 DEOPT UNPACKING pc=0x00000245df1f2b43 sp=0x000000b93c7f7038 mode 0
Event: 19.677 Thread 0x00000245faebe820 Uncommon trap: trap_request=0xffffff45 fr.pc=0x00000245dfca67a8 relative=0x00000000000021e8
Event: 19.677 Thread 0x00000245faebe820 Uncommon trap: reason=unstable_if action=reinterpret pc=0x00000245dfca67a8 method=jdk.internal.math.FloatingDecimal$ASCIIToBinaryBuffer.floatValue()F @ 225 c2
Event: 19.677 Thread 0x00000245faebe820 DEOPT PACKING pc=0x00000245dfca67a8 sp=0x000000b93c7f67a0
Event: 19.677 Thread 0x00000245faebe820 DEOPT UNPACKING pc=0x00000245df1f23a3 sp=0x000000b93c7f66d0 mode 2
Event: 20.359 Thread 0x00000245faebe820 Uncommon trap: trap_request=0xffffff45 fr.pc=0x00000245dfdc89d8 relative=0x00000000000048b8
Event: 20.359 Thread 0x00000245faebe820 Uncommon trap: reason=unstable_if action=reinterpret pc=0x00000245dfdc89d8 method=com.sun.tools.javac.parser.JavacParser.term3()Lcom/sun/tools/javac/tree/JCTree$JCExpression; @ 28 c2
Event: 20.359 Thread 0x00000245faebe820 DEOPT PACKING pc=0x00000245dfdc89d8 sp=0x000000b93c7f7900
Event: 20.359 Thread 0x00000245faebe820 DEOPT UNPACKING pc=0x00000245df1f23a3 sp=0x000000b93c7f78d8 mode 2

Classes unloaded (2 events):
Event: 18.993 Thread 0x00000245f0fe9110 Unloading class 0x0000024581884c00 'java/lang/invoke/LambdaForm$DMH+0x0000024581884c00'
Event: 18.993 Thread 0x00000245f0fe9110 Unloading class 0x0000024581884800 'java/lang/invoke/LambdaForm$DMH+0x0000024581884800'

Classes redefined (0 events):
No events

Internal exceptions (20 events):
Event: 10.183 Thread 0x00000245f730d3a0 Exception <a 'java/lang/NoSuchMethodError'{0x000000074fc20be0}: 'int java.lang.invoke.DirectMethodHandle$Holder.invokeSpecialIFC(java.lang.Object, java.lang.Object, java.lang.Object, java.lang.Object, java.lang.Object)'> (0x000000074fc20be0) 
thrown [s\open\src\hotspot\share\interpreter\linkResolver.cpp, line 759]
Event: 10.543 Thread 0x00000245f730d3a0 Exception <a 'java/lang/ClassNotFoundException'{0x000000074f6de3b8}: groovy/util/NodeBeanInfo> (0x000000074f6de3b8) 
thrown [s\open\src\hotspot\share\classfile\systemDictionary.cpp, line 256]
Event: 10.543 Thread 0x00000245f730d3a0 Exception <a 'java/lang/ClassNotFoundException'{0x000000074f71ebb0}: groovy/util/NodeCustomizer> (0x000000074f71ebb0) 
thrown [s\open\src\hotspot\share\classfile\systemDictionary.cpp, line 256]
Event: 10.548 Thread 0x00000245f730d3a0 Exception <a 'java/lang/ClassNotFoundException'{0x000000074f49bc08}: groovy/util/NodeListBeanInfo> (0x000000074f49bc08) 
thrown [s\open\src\hotspot\share\classfile\systemDictionary.cpp, line 256]
Event: 10.549 Thread 0x00000245f730d3a0 Exception <a 'java/lang/ClassNotFoundException'{0x000000074f4dc1e0}: groovy/util/NodeListCustomizer> (0x000000074f4dc1e0) 
thrown [s\open\src\hotspot\share\classfile\systemDictionary.cpp, line 256]
Event: 12.582 Thread 0x00000245f730d3a0 Exception <a 'java/lang/IncompatibleClassChangeError'{0x000000074e658788}: Found class java.lang.Object, but interface was expected> (0x000000074e658788) 
thrown [s\open\src\hotspot\share\interpreter\linkResolver.cpp, line 826]
Event: 12.582 Thread 0x00000245f730d3a0 Exception <a 'java/lang/IncompatibleClassChangeError'{0x000000074e65c4c0}: Found class java.lang.Object, but interface was expected> (0x000000074e65c4c0) 
thrown [s\open\src\hotspot\share\interpreter\linkResolver.cpp, line 826]
Event: 12.589 Thread 0x00000245f730d3a0 Exception <a 'java/lang/IncompatibleClassChangeError'{0x000000074e6915d0}: Found class java.lang.Object, but interface was expected> (0x000000074e6915d0) 
thrown [s\open\src\hotspot\share\interpreter\linkResolver.cpp, line 826]
Event: 12.649 Thread 0x00000245faebe820 Exception <a 'java/lang/NoSuchMethodError'{0x000000074de3e228}: 'void java.lang.invoke.DirectMethodHandle$Holder.invokeSpecial(java.lang.Object, java.lang.Object, java.lang.Object, java.lang.Object, int, java.lang.Object, java.lang.Object)'> (0x000000074de3e228) 
thrown [s\open\src\hotspot\share\interpreter\linkResolver.cpp, line 759]
Event: 12.660 Thread 0x00000245faebe820 Exception <a 'java/lang/NoSuchMethodError'{0x000000074ded0308}: 'void java.lang.invoke.DirectMethodHandle$Holder.invokeInterface(java.lang.Object, java.lang.Object, java.lang.Object, java.lang.Object)'> (0x000000074ded0308) 
thrown [s\open\src\hotspot\share\interpreter\linkResolver.cpp, line 759]
Event: 12.695 Thread 0x00000245faebe820 Exception <a 'sun/nio/fs/WindowsException'{0x000000074dd66e80}> (0x000000074dd66e80) 
thrown [s\open\src\hotspot\share\prims\jni.cpp, line 516]
Event: 12.762 Thread 0x00000245faebe820 Exception <a 'java/lang/IncompatibleClassChangeError'{0x000000074d8e4f30}: Found class java.lang.Object, but interface was expected> (0x000000074d8e4f30) 
thrown [s\open\src\hotspot\share\interpreter\linkResolver.cpp, line 826]
Event: 12.764 Thread 0x00000245faebe820 Exception <a 'java/lang/NoSuchMethodError'{0x000000074d903420}: static Ljava/lang/Object;.<clinit>()V> (0x000000074d903420) 
thrown [s\open\src\hotspot\share\prims\jni.cpp, line 1112]
Event: 12.946 Thread 0x00000245faebe820 Exception <a 'java/lang/ClassNotFoundException'{0x00000007519c46d0}: net/minecraftforge/gradle/userdev/tasks/HackyJavaCompile_DecoratedBeanInfo> (0x00000007519c46d0) 
thrown [s\open\src\hotspot\share\classfile\systemDictionary.cpp, line 256]
Event: 12.946 Thread 0x00000245faebe820 Exception <a 'java/lang/ClassNotFoundException'{0x00000007519d4060}: net/minecraftforge/gradle/userdev/tasks/HackyJavaCompileBeanInfo> (0x00000007519d4060) 
thrown [s\open\src\hotspot\share\classfile\systemDictionary.cpp, line 256]
Event: 12.946 Thread 0x00000245faebe820 Exception <a 'java/lang/ClassNotFoundException'{0x00000007519e3d00}: net/minecraftforge/gradle/userdev/tasks/HackyJavaCompileCustomizer> (0x00000007519e3d00) 
thrown [s\open\src\hotspot\share\classfile\systemDictionary.cpp, line 256]
Event: 12.947 Thread 0x00000245faebe820 Exception <a 'java/lang/ClassNotFoundException'{0x0000000751604a78}: net/minecraftforge/gradle/userdev/tasks/HackyJavaCompile_DecoratedCustomizer> (0x0000000751604a78) 
thrown [s\open\src\hotspot\share\classfile\systemDictionary.cpp, line 256]
Event: 13.001 Thread 0x00000245faebe820 Exception <a 'java/lang/NoSuchMethodError'{0x00000007512ece58}: 'long java.lang.invoke.DirectMethodHandle$Holder.invokeVirtual(java.lang.Object, java.lang.Object)'> (0x00000007512ece58) 
thrown [s\open\src\hotspot\share\interpreter\linkResolver.cpp, line 759]
Event: 16.839 Thread 0x00000245faebe820 Exception <a 'java/lang/NoSuchMethodError'{0x000000074956d000}: 'void java.lang.invoke.DirectMethodHandle$Holder.invokeVirtual(java.lang.Object, java.lang.Object, java.lang.Object, java.lang.Object)'> (0x000000074956d000) 
thrown [s\open\src\hotspot\share\interpreter\linkResolver.cpp, line 759]
Event: 17.378 Thread 0x00000245faebe820 Implicit null exception at 0x00000245dfc9f75a to 0x00000245dfca012c

VM Operations (20 events):
Event: 18.900 Executing VM operation: G1CollectForAllocation done
Event: 18.992 Executing VM operation: G1Concurrent
Event: 19.005 Executing VM operation: G1Concurrent done
Event: 19.059 Executing VM operation: G1Concurrent
Event: 19.060 Executing VM operation: G1Concurrent done
Event: 19.493 Executing VM operation: G1CollectForAllocation
Event: 19.513 Executing VM operation: G1CollectForAllocation done
Event: 19.523 Executing VM operation: G1CollectForAllocation
Event: 19.534 Executing VM operation: G1CollectForAllocation done
Event: 19.899 Executing VM operation: G1CollectForAllocation
Event: 19.912 Executing VM operation: G1CollectForAllocation done
Event: 20.025 Executing VM operation: G1Concurrent
Event: 20.029 Executing VM operation: G1Concurrent done
Event: 20.099 Executing VM operation: G1Concurrent
Event: 20.099 Executing VM operation: G1Concurrent done
Event: 20.178 Executing VM operation: G1CollectForAllocation
Event: 20.195 Executing VM operation: G1CollectForAllocation done
Event: 20.209 Executing VM operation: G1CollectForAllocation
Event: 20.216 Executing VM operation: G1CollectForAllocation done
Event: 20.417 Executing VM operation: G1CollectForAllocation

Events (20 events):
Event: 18.822 Thread 0x00000245f1027e10 flushing nmethod 0x00000245d8bcdb90
Event: 18.822 Thread 0x00000245f1027e10 flushing nmethod 0x00000245d8bce090
Event: 18.822 Thread 0x00000245f1027e10 flushing nmethod 0x00000245d8bcef10
Event: 18.822 Thread 0x00000245f1027e10 flushing nmethod 0x00000245d8bcf510
Event: 18.822 Thread 0x00000245f1027e10 flushing nmethod 0x00000245d8bcf890
Event: 18.822 Thread 0x00000245f1027e10 flushing nmethod 0x00000245d8bd7f90
Event: 18.822 Thread 0x00000245f1027e10 flushing nmethod 0x00000245d8bd8710
Event: 18.822 Thread 0x00000245f1027e10 flushing nmethod 0x00000245d8bd8b10
Event: 18.822 Thread 0x00000245f1027e10 flushing nmethod 0x00000245d8bdac10
Event: 18.822 Thread 0x00000245f1027e10 flushing nmethod 0x00000245d8bdb610
Event: 18.822 Thread 0x00000245f1027e10 flushing nmethod 0x00000245d8bdd690
Event: 18.822 Thread 0x00000245f1027e10 flushing nmethod 0x00000245d8bdf090
Event: 18.822 Thread 0x00000245f1027e10 flushing nmethod 0x00000245d8bf5a90
Event: 18.822 Thread 0x00000245f1027e10 flushing nmethod 0x00000245d8c0e490
Event: 18.822 Thread 0x00000245f1027e10 flushing nmethod 0x00000245d8c2d290
Event: 18.822 Thread 0x00000245f1027e10 flushing nmethod 0x00000245d8c41f90
Event: 18.822 Thread 0x00000245f1027e10 flushing nmethod 0x00000245d8c59590
Event: 18.822 Thread 0x00000245f1027e10 flushing nmethod 0x00000245d8c7c810
Event: 18.822 Thread 0x00000245f1027e10 flushing nmethod 0x00000245d8c97890
Event: 18.823 Thread 0x00000245f1027e10 flushing nmethod 0x00000245d8c99a10


Dynamic libraries:
0x00007ff62a620000 - 0x00007ff62a630000 	C:\Program Files\Java\jdk-17\bin\java.exe
0x00007ff9c1800000 - 0x00007ff9c1a68000 	C:\WINDOWS\SYSTEM32\ntdll.dll
0x00007ff9c04e0000 - 0x00007ff9c05a9000 	C:\WINDOWS\System32\KERNEL32.DLL
0x00007ff9bf1a0000 - 0x00007ff9bf592000 	C:\WINDOWS\System32\KERNELBASE.dll
0x00007ff9bedd0000 - 0x00007ff9bef1b000 	C:\WINDOWS\System32\ucrtbase.dll
0x00007ff9b94e0000 - 0x00007ff9b94f9000 	C:\Program Files\Java\jdk-17\bin\jli.dll
0x00007ff9b95b0000 - 0x00007ff9b95cb000 	C:\Program Files\Java\jdk-17\bin\VCRUNTIME140.dll
0x00007ff9bf9d0000 - 0x00007ff9bfa84000 	C:\WINDOWS\System32\ADVAPI32.dll
0x00007ff9bf5d0000 - 0x00007ff9bf679000 	C:\WINDOWS\System32\msvcrt.dll
0x00007ff9bf920000 - 0x00007ff9bf9c6000 	C:\WINDOWS\System32\sechost.dll
0x00007ff9c02e0000 - 0x00007ff9c03f8000 	C:\WINDOWS\System32\RPCRT4.dll
0x00007ff9c05b0000 - 0x00007ff9c0775000 	C:\WINDOWS\System32\USER32.dll
0x00007ff9bf5a0000 - 0x00007ff9bf5c7000 	C:\WINDOWS\System32\win32u.dll
0x00007ff9c1160000 - 0x00007ff9c118b000 	C:\WINDOWS\System32\GDI32.dll
0x00007ff9a2810000 - 0x00007ff9a2aa3000 	C:\WINDOWS\WinSxS\amd64_microsoft.windows.common-controls_6595b64144ccf1df_6.0.26100.6899_none_3e0efeeae32e88c1\COMCTL32.dll
0x00007ff9befe0000 - 0x00007ff9bf10d000 	C:\WINDOWS\System32\gdi32full.dll
0x00007ff9bebb0000 - 0x00007ff9bec53000 	C:\WINDOWS\System32\msvcp_win.dll
0x00007ff9a7970000 - 0x00007ff9a797b000 	C:\WINDOWS\SYSTEM32\VERSION.dll
0x00007ff9bf680000 - 0x00007ff9bf6af000 	C:\WINDOWS\System32\IMM32.DLL
0x00007ff9bb520000 - 0x00007ff9bb52c000 	C:\Program Files\Java\jdk-17\bin\vcruntime140_1.dll
0x00007ff9a8f60000 - 0x00007ff9a8fee000 	C:\Program Files\Java\jdk-17\bin\msvcp140.dll
0x00007ff9644c0000 - 0x00007ff9650a0000 	C:\Program Files\Java\jdk-17\bin\server\jvm.dll
0x00007ff9c1060000 - 0x00007ff9c1068000 	C:\WINDOWS\System32\PSAPI.DLL
0x00007ff9a98d0000 - 0x00007ff9a98da000 	C:\WINDOWS\SYSTEM32\WSOCK32.dll
0x00007ff9b4820000 - 0x00007ff9b4855000 	C:\WINDOWS\SYSTEM32\WINMM.dll
0x00007ff9c10d0000 - 0x00007ff9c1144000 	C:\WINDOWS\System32\WS2_32.dll
0x00007ff9bd760000 - 0x00007ff9bd77b000 	C:\WINDOWS\SYSTEM32\kernel.appcore.dll
0x00007ff9a9c20000 - 0x00007ff9a9c2a000 	C:\Program Files\Java\jdk-17\bin\jimage.dll
0x00007ff9bbfb0000 - 0x00007ff9bc1f2000 	C:\WINDOWS\SYSTEM32\DBGHELP.DLL
0x00007ff9c0c80000 - 0x00007ff9c0ffb000 	C:\WINDOWS\System32\combase.dll
0x00007ff9c0400000 - 0x00007ff9c04d7000 	C:\WINDOWS\System32\OLEAUT32.dll
0x00007ff9a1040000 - 0x00007ff9a107c000 	C:\WINDOWS\SYSTEM32\dbgcore.DLL
0x00007ff9be990000 - 0x00007ff9bea28000 	C:\WINDOWS\System32\bcryptPrimitives.dll
0x00007ff9a9a10000 - 0x00007ff9a9a1e000 	C:\Program Files\Java\jdk-17\bin\instrument.dll
0x00007ff9a9bf0000 - 0x00007ff9a9c15000 	C:\Program Files\Java\jdk-17\bin\java.dll
0x00007ff990430000 - 0x00007ff990507000 	C:\Program Files\Java\jdk-17\bin\jsvml.dll
0x00007ff9bfa90000 - 0x00007ff9c01dd000 	C:\WINDOWS\System32\SHELL32.dll
0x00007ff9bec60000 - 0x00007ff9bedcb000 	C:\WINDOWS\System32\wintypes.dll
0x00007ff9bc5c0000 - 0x00007ff9bce1d000 	C:\WINDOWS\SYSTEM32\windows.storage.dll
0x00007ff9bf6c0000 - 0x00007ff9bf7b2000 	C:\WINDOWS\System32\SHCORE.dll
0x00007ff9c1640000 - 0x00007ff9c16a2000 	C:\WINDOWS\System32\shlwapi.dll
0x00007ff9be8b0000 - 0x00007ff9be8d9000 	C:\WINDOWS\SYSTEM32\profapi.dll
0x00007ff9a9ad0000 - 0x00007ff9a9ae8000 	C:\Program Files\Java\jdk-17\bin\zip.dll
0x00007ff9a9bd0000 - 0x00007ff9a9be9000 	C:\Program Files\Java\jdk-17\bin\net.dll
0x00007ff9b89f0000 - 0x00007ff9b8b0f000 	C:\WINDOWS\SYSTEM32\WINHTTP.dll
0x00007ff9bdcd0000 - 0x00007ff9bdd3b000 	C:\WINDOWS\system32\mswsock.dll
0x00007ff9a9af0000 - 0x00007ff9a9b06000 	C:\Program Files\Java\jdk-17\bin\nio.dll
0x00007ff9a9ac0000 - 0x00007ff9a9ad0000 	C:\Program Files\Java\jdk-17\bin\verify.dll
0x00007ff9a9a20000 - 0x00007ff9a9a47000 	C:\Users\estef\.gradle\native\c067742578af261105cb4f569cf0c3c89f3d7b1fecec35dd04571415982c5e48\windows-amd64\native-platform.dll
0x00007ff98d160000 - 0x00007ff98d2a4000 	C:\Users\estef\.gradle\native\100fb08df4bc3b14c8652ba06237920a3bd2aa13389f12d3474272988ae205f9\windows-amd64\native-platform-file-events.dll
0x00007ff9a9ab0000 - 0x00007ff9a9aba000 	C:\Program Files\Java\jdk-17\bin\management.dll
0x00007ff9a9aa0000 - 0x00007ff9a9aab000 	C:\Program Files\Java\jdk-17\bin\management_ext.dll
0x00007ff9bdf90000 - 0x00007ff9bdfab000 	C:\WINDOWS\SYSTEM32\CRYPTSP.dll
0x00007ff9bd6c0000 - 0x00007ff9bd6fb000 	C:\WINDOWS\system32\rsaenh.dll
0x00007ff9bdd70000 - 0x00007ff9bdd9b000 	C:\WINDOWS\SYSTEM32\USERENV.dll
0x00007ff9be880000 - 0x00007ff9be8a6000 	C:\WINDOWS\SYSTEM32\bcrypt.dll
0x00007ff9bdf80000 - 0x00007ff9bdf8c000 	C:\WINDOWS\SYSTEM32\CRYPTBASE.dll
0x00007ff9bd2b0000 - 0x00007ff9bd2e4000 	C:\WINDOWS\SYSTEM32\IPHLPAPI.DLL
0x00007ff9c1150000 - 0x00007ff9c115a000 	C:\WINDOWS\System32\NSI.dll
0x00007ff9b8ca0000 - 0x00007ff9b8cbe000 	C:\WINDOWS\SYSTEM32\dhcpcsvc6.DLL
0x00007ff9b8b80000 - 0x00007ff9b8ba3000 	C:\WINDOWS\SYSTEM32\dhcpcsvc.DLL
0x00007ff9bd2f0000 - 0x00007ff9bd416000 	C:\WINDOWS\SYSTEM32\DNSAPI.dll
0x00007ff9a96e0000 - 0x00007ff9a96ee000 	C:\Program Files\Java\jdk-17\bin\sunmscapi.dll
0x00007ff9bea30000 - 0x00007ff9beba7000 	C:\WINDOWS\System32\CRYPT32.dll
0x00007ff9be1a0000 - 0x00007ff9be1d0000 	C:\WINDOWS\SYSTEM32\ncrypt.dll
0x00007ff9be150000 - 0x00007ff9be18f000 	C:\WINDOWS\SYSTEM32\NTASN1.dll
0x00007ff98e100000 - 0x00007ff98e108000 	C:\WINDOWS\system32\wshunix.dll
0x00007ff9b6f20000 - 0x00007ff9b6f2b000 	C:\Windows\System32\rasadhlp.dll
0x00007ff9b8dd0000 - 0x00007ff9b8e56000 	C:\WINDOWS\System32\fwpuclnt.dll
0x00007ff9bb550000 - 0x00007ff9bb5ef000 	C:\WINDOWS\system32\apphelp.dll

dbghelp: loaded successfully - version: 4.0.5 - missing functions: none
symbol engine: initialized successfully - sym options: 0x614 - pdb path: .;C:\Program Files\Java\jdk-17\bin;C:\WINDOWS\SYSTEM32;C:\WINDOWS\WinSxS\amd64_microsoft.windows.common-controls_6595b64144ccf1df_6.0.26100.6899_none_3e0efeeae32e88c1;C:\Program Files\Java\jdk-17\bin\server;C:\Users\estef\.gradle\native\c067742578af261105cb4f569cf0c3c89f3d7b1fecec35dd04571415982c5e48\windows-amd64;C:\Users\estef\.gradle\native\100fb08df4bc3b14c8652ba06237920a3bd2aa13389f12d3474272988ae205f9\windows-amd64

VM Arguments:
jvm_args: --add-opens=java.base/java.util=ALL-UNNAMED --add-opens=java.base/java.lang=ALL-UNNAMED --add-opens=java.base/java.lang.invoke=ALL-UNNAMED --add-opens=java.prefs/java.util.prefs=ALL-UNNAMED --add-opens=java.base/java.nio.charset=ALL-UNNAMED --add-opens=java.base/java.net=ALL-UNNAMED --add-opens=java.base/java.util.concurrent.atomic=ALL-UNNAMED -Xmx3G -Dfile.encoding=windows-1252 -Duser.country=BR -Duser.language=pt -Duser.variant -javaagent:C:\Users\estef\.gradle\wrapper\dists\gradle-8.8-bin\dl7vupf4psengwqhwktix4v1\gradle-8.8\lib\agents\gradle-instrumentation-agent-8.8.jar 
java_command: org.gradle.launcher.daemon.bootstrap.GradleDaemon 8.8
java_class_path (initial): C:\Users\estef\.gradle\wrapper\dists\gradle-8.8-bin\dl7vupf4psengwqhwktix4v1\gradle-8.8\lib\gradle-launcher-8.8.jar
Launcher Type: SUN_STANDARD

[Global flags]
     intx CICompilerCount                          = 4                                         {product} {ergonomic}
     uint ConcGCThreads                            = 3                                         {product} {ergonomic}
     uint G1ConcRefinementThreads                  = 10                                        {product} {ergonomic}
   size_t G1HeapRegionSize                         = 2097152                                   {product} {ergonomic}
    uintx GCDrainStackTargetSize                   = 64                                        {product} {ergonomic}
   size_t InitialHeapSize                          = 130023424                                 {product} {ergonomic}
   size_t MarkStackSize                            = 4194304                                   {product} {ergonomic}
   size_t MaxHeapSize                              = 3221225472                                {product} {command line}
   size_t MaxNewSize                               = 1931476992                                {product} {ergonomic}
   size_t MinHeapDeltaBytes                        = 2097152                                   {product} {ergonomic}
   size_t MinHeapSize                              = 8388608                                   {product} {ergonomic}
    uintx NonNMethodCodeHeapSize                   = 5839372                                {pd product} {ergonomic}
    uintx NonProfiledCodeHeapSize                  = 122909434                              {pd product} {ergonomic}
    uintx ProfiledCodeHeapSize                     = 122909434                              {pd product} {ergonomic}
    uintx ReservedCodeCacheSize                    = 251658240                              {pd product} {ergonomic}
     bool SegmentedCodeCache                       = true                                      {product} {ergonomic}
   size_t SoftMaxHeapSize                          = 3221225472                             {manageable} {ergonomic}
     bool UseCompressedClassPointers               = true                           {product lp64_product} {ergonomic}
     bool UseCompressedOops                        = true                           {product lp64_product} {ergonomic}
     bool UseG1GC                                  = true                                      {product} {ergonomic}
     bool UseLargePagesIndividualAllocation        = false                                  {pd product} {ergonomic}

Logging:
Log output configuration:
 #0: stdout all=warning uptime,level,tags
 #1: stderr all=off uptime,level,tags

Environment Variables:
JAVA_HOME=C:\Program Files\Java\jdk-17
PATH=C:\Users\estef\bin;C:\Program Files\Git\mingw64\bin;C:\Program Files\Git\usr\local\bin;C:\Program Files\Git\usr\bin;C:\Program Files\Git\usr\bin;C:\Program Files\Git\mingw64\bin;C:\Program Files\Git\usr\bin;C:\Users\estef\bin;C:\Program Files\Eclipse Adoptium\jdk-17.0.16.8-hotspot\bin;C:\Program Files\Common Files\Oracle\Java\javapath;C:\Program Files (x86)\Common Files\Oracle\Java\java8path;C:\Program Files (x86)\Common Files\Oracle\Java\javapath;C:\WINDOWS\system32;C:\WINDOWS;C:\WINDOWS\System32\Wbem;C:\WINDOWS\System32\WindowsPowerShell\v1.0;C:\WINDOWS\System32\OpenSSH;C:\Program Files\Git\cmd;C:\Users\estef\AppData\Local\Programs\Python\Python312\Scripts;C:\Users\estef\AppData\Local\Programs\Python\Python312;C:\Users\estef\AppData\Local\Programs\Python\Python313\Scripts;C:\Users\estef\AppData\Local\Programs\Python\Python313;C:\Users\estef\AppData\Local\Programs\Python\Launcher;C:\Users\estef\AppData\Local\Microsoft\WindowsApps;C:\Users\estef\AppData\Local\Programs\Microsoft VS Code\bin;C:\Users\estef\AppData\Local\GitHubDesktop\bin;C:\Program Files\JetBrains\IntelliJ IDEA 2025.2.1\bin;C:\Program Files\Git\usr\bin\vendor_perl;C:\Program Files\Git\usr\bin\core_perl
USERNAME=estef
SHELL=C:\Program Files\Git\usr\bin\bash.exe
DISPLAY=needs-to-be-defined
LANG=pt_BR.UTF-8
OS=Windows_NT
PROCESSOR_IDENTIFIER=Intel64 Family 6 Model 154 Stepping 3, GenuineIntel



---------------  S Y S T E M  ---------------

OS:
 Windows 11 , 64 bit Build 26100 (10.0.26100.6725)
OS uptime: 0 days 1:19 hours
Hyper-V role detected

CPU: total 12 (initial active 12) (6 cores per cpu, 2 threads per core) family 6 model 154 stepping 3 microcode 0x423, cx8, cmov, fxsr, ht, mmx, 3dnowpref, sse, sse2, sse3, ssse3, sse4.1, sse4.2, popcnt, lzcnt, tsc, tscinvbit, avx, avx2, aes, erms, clmul, bmi1, bmi2, adx, sha, fma, vzeroupper, clflush, clflushopt, clwb, hv

Memory: 4k page, system-wide physical 7896M (982M free)
TotalPageFile size 32467M (AvailPageFile size 780M)
current process WorkingSet (physical memory assigned to process): 756M, peak: 795M
current process commit charge ("private bytes"): 807M, peak: 1669M

vm_info: Java HotSpot(TM) 64-Bit Server VM (17.0.12+8-LTS-286) for windows-amd64 JRE (17.0.12+8-LTS-286), built on Jun  5 2024 06:46:59 by "mach5one" with MS VC++ 17.6 (VS2022)

END.
